/home/xephyr/Documents/edk2/Build/DynamicTables/RELEASE_GCC5/AARCH64/DynamicTablesPkg/Library/Common/AmlLib/AmlLib/OUTPUT/AmlDbgPrint/AmlDbgPrint.obj
/home/xephyr/Documents/edk2/Build/DynamicTables/RELEASE_GCC5/AARCH64/DynamicTablesPkg/Library/Common/AmlLib/AmlLib/OUTPUT/AmlEncoding/Aml.obj
/home/xephyr/Documents/edk2/Build/DynamicTables/RELEASE_GCC5/AARCH64/DynamicTablesPkg/Library/Common/AmlLib/AmlLib/OUTPUT/Api/AmlApi.obj
/home/xephyr/Documents/edk2/Build/DynamicTables/RELEASE_GCC5/AARCH64/DynamicTablesPkg/Library/Common/AmlLib/AmlLib/OUTPUT/Api/AmlApiHelper.obj
/home/xephyr/Documents/edk2/Build/DynamicTables/RELEASE_GCC5/AARCH64/DynamicTablesPkg/Library/Common/AmlLib/AmlLib/OUTPUT/Api/AmlResourceDataApi.obj
/home/xephyr/Documents/edk2/Build/DynamicTables/RELEASE_GCC5/AARCH64/DynamicTablesPkg/Library/Common/AmlLib/AmlLib/OUTPUT/CodeGen/AmlCodeGen.obj
/home/xephyr/Documents/edk2/Build/DynamicTables/RELEASE_GCC5/AARCH64/DynamicTablesPkg/Library/Common/AmlLib/AmlLib/OUTPUT/CodeGen/AmlResourceDataCodeGen.obj
/home/xephyr/Documents/edk2/Build/DynamicTables/RELEASE_GCC5/AARCH64/DynamicTablesPkg/Library/Common/AmlLib/AmlLib/OUTPUT/NameSpace/AmlNameSpace.obj
/home/xephyr/Documents/edk2/Build/DynamicTables/RELEASE_GCC5/AARCH64/DynamicTablesPkg/Library/Common/AmlLib/AmlLib/OUTPUT/Parser/AmlFieldListParser.obj
/home/xephyr/Documents/edk2/Build/DynamicTables/RELEASE_GCC5/AARCH64/DynamicTablesPkg/Library/Common/AmlLib/AmlLib/OUTPUT/Parser/AmlMethodParser.obj
/home/xephyr/Documents/edk2/Build/DynamicTables/RELEASE_GCC5/AARCH64/DynamicTablesPkg/Library/Common/AmlLib/AmlLib/OUTPUT/Parser/AmlParser.obj
/home/xephyr/Documents/edk2/Build/DynamicTables/RELEASE_GCC5/AARCH64/DynamicTablesPkg/Library/Common/AmlLib/AmlLib/OUTPUT/Parser/AmlResourceDataParser.obj
/home/xephyr/Documents/edk2/Build/DynamicTables/RELEASE_GCC5/AARCH64/DynamicTablesPkg/Library/Common/AmlLib/AmlLib/OUTPUT/ResourceData/AmlResourceData.obj
/home/xephyr/Documents/edk2/Build/DynamicTables/RELEASE_GCC5/AARCH64/DynamicTablesPkg/Library/Common/AmlLib/AmlLib/OUTPUT/Serialize/AmlSerialize.obj
/home/xephyr/Documents/edk2/Build/DynamicTables/RELEASE_GCC5/AARCH64/DynamicTablesPkg/Library/Common/AmlLib/AmlLib/OUTPUT/Stream/AmlStream.obj
/home/xephyr/Documents/edk2/Build/DynamicTables/RELEASE_GCC5/AARCH64/DynamicTablesPkg/Library/Common/AmlLib/AmlLib/OUTPUT/String/AmlString.obj
/home/xephyr/Documents/edk2/Build/DynamicTables/RELEASE_GCC5/AARCH64/DynamicTablesPkg/Library/Common/AmlLib/AmlLib/OUTPUT/Tree/AmlClone.obj
/home/xephyr/Documents/edk2/Build/DynamicTables/RELEASE_GCC5/AARCH64/DynamicTablesPkg/Library/Common/AmlLib/AmlLib/OUTPUT/Tree/AmlNode.obj
/home/xephyr/Documents/edk2/Build/DynamicTables/RELEASE_GCC5/AARCH64/DynamicTablesPkg/Library/Common/AmlLib/AmlLib/OUTPUT/Tree/AmlNodeInterface.obj
/home/xephyr/Documents/edk2/Build/DynamicTables/RELEASE_GCC5/AARCH64/DynamicTablesPkg/Library/Common/AmlLib/AmlLib/OUTPUT/Tree/AmlTree.obj
/home/xephyr/Documents/edk2/Build/DynamicTables/RELEASE_GCC5/AARCH64/DynamicTablesPkg/Library/Common/AmlLib/AmlLib/OUTPUT/Tree/AmlTreeEnumerator.obj
/home/xephyr/Documents/edk2/Build/DynamicTables/RELEASE_GCC5/AARCH64/DynamicTablesPkg/Library/Common/AmlLib/AmlLib/OUTPUT/Tree/AmlTreeIterator.obj
/home/xephyr/Documents/edk2/Build/DynamicTables/RELEASE_GCC5/AARCH64/DynamicTablesPkg/Library/Common/AmlLib/AmlLib/OUTPUT/Tree/AmlTreeTraversal.obj
/home/xephyr/Documents/edk2/Build/DynamicTables/RELEASE_GCC5/AARCH64/DynamicTablesPkg/Library/Common/AmlLib/AmlLib/OUTPUT/Utils/AmlUtility.obj