/home/xephyr/Documents/edk2/Build/OvmfX64/DEBUG_GCC5/X64/OvmfPkg/PlatformPei/PlatformPei/OUTPUT/PlatformPei.lib
/home/xephyr/Documents/edk2/Build/OvmfX64/DEBUG_GCC5/X64/MdePkg/Library/RegisterFilterLibNull/RegisterFilterLibNull/OUTPUT/FilterLibNull.lib
/home/xephyr/Documents/edk2/Build/OvmfX64/DEBUG_GCC5/X64/MdePkg/Library/PeiMemoryAllocationLib/PeiMemoryAllocationLib/OUTPUT/PeiMemoryAllocationLib.lib
/home/xephyr/Documents/edk2/Build/OvmfX64/DEBUG_GCC5/X64/MdePkg/Library/BaseMemoryLibRepStr/BaseMemoryLibRepStr/OUTPUT/BaseMemoryLibRepStr.lib
/home/xephyr/Documents/edk2/Build/OvmfX64/DEBUG_GCC5/X64/MdePkg/Library/PeiPcdLib/PeiPcdLib/OUTPUT/PeiPcdLib.lib
/home/xephyr/Documents/edk2/Build/OvmfX64/DEBUG_GCC5/X64/MdePkg/Library/PeiServicesTablePointerLibIdt/PeiServicesTablePointerLibIdt/OUTPUT/PeiServicesTablePointerLibIdt.lib
/home/xephyr/Documents/edk2/Build/OvmfX64/DEBUG_GCC5/X64/MdePkg/Library/PeiServicesLib/PeiServicesLib/OUTPUT/PeiServicesLib.lib
/home/xephyr/Documents/edk2/Build/OvmfX64/DEBUG_GCC5/X64/MdePkg/Library/PeiHobLib/PeiHobLib/OUTPUT/PeiHobLib.lib
/home/xephyr/Documents/edk2/Build/OvmfX64/DEBUG_GCC5/X64/MdePkg/Library/BaseLib/BaseLib/OUTPUT/BaseLib.lib
/home/xephyr/Documents/edk2/Build/OvmfX64/DEBUG_GCC5/X64/MdePkg/Library/BaseDebugPrintErrorLevelLib/BaseDebugPrintErrorLevelLib/OUTPUT/BaseDebugPrintErrorLevelLib.lib
/home/xephyr/Documents/edk2/Build/OvmfX64/DEBUG_GCC5/X64/MdePkg/Library/BasePrintLib/BasePrintLib/OUTPUT/BasePrintLib.lib
/home/xephyr/Documents/edk2/Build/OvmfX64/DEBUG_GCC5/X64/MdePkg/Library/BaseIoLibIntrinsic/BaseIoLibIntrinsicSev/OUTPUT/BaseIoLibIntrinsicSev.lib
/home/xephyr/Documents/edk2/Build/OvmfX64/DEBUG_GCC5/X64/OvmfPkg/Library/PlatformDebugLibIoPort/PlatformDebugLibIoPort/OUTPUT/PlatformDebugLibIoPort.lib
/home/xephyr/Documents/edk2/Build/OvmfX64/DEBUG_GCC5/X64/MdePkg/Library/BaseCpuLib/BaseCpuLib/OUTPUT/BaseCpuLib.lib
/home/xephyr/Documents/edk2/Build/OvmfX64/DEBUG_GCC5/X64/MdePkg/Library/BaseCacheMaintenanceLib/BaseCacheMaintenanceLib/OUTPUT/BaseCacheMaintenanceLib.lib
/home/xephyr/Documents/edk2/Build/OvmfX64/DEBUG_GCC5/X64/OvmfPkg/Library/BaseMemEncryptSevLib/PeiMemEncryptSevLib/OUTPUT/PeiMemEncryptSevLib.lib
/home/xephyr/Documents/edk2/Build/OvmfX64/DEBUG_GCC5/X64/MdePkg/Library/BasePciCf8Lib/BasePciCf8Lib/OUTPUT/BasePciCf8Lib.lib
/home/xephyr/Documents/edk2/Build/OvmfX64/DEBUG_GCC5/X64/OvmfPkg/Library/QemuFwCfgLib/QemuFwCfgPeiLib/OUTPUT/QemuFwCfgPeiLib.lib
/home/xephyr/Documents/edk2/Build/OvmfX64/DEBUG_GCC5/X64/MdePkg/Library/BasePciLibCf8/BasePciLibCf8/OUTPUT/BasePciLibCf8.lib
/home/xephyr/Documents/edk2/Build/OvmfX64/DEBUG_GCC5/X64/MdePkg/Library/PeiResourcePublicationLib/PeiResourcePublicationLib/OUTPUT/PeiResourcePublicationLib.lib
/home/xephyr/Documents/edk2/Build/OvmfX64/DEBUG_GCC5/X64/MdePkg/Library/PeimEntryPoint/PeimEntryPoint/OUTPUT/PeimEntryPoint.lib
/home/xephyr/Documents/edk2/Build/OvmfX64/DEBUG_GCC5/X64/OvmfPkg/Library/QemuFwCfgS3Lib/PeiQemuFwCfgS3LibFwCfg/OUTPUT/PeiQemuFwCfgS3LibFwCfg.lib
/home/xephyr/Documents/edk2/Build/OvmfX64/DEBUG_GCC5/X64/OvmfPkg/Library/QemuFwCfgSimpleParserLib/QemuFwCfgSimpleParserLib/OUTPUT/QemuFwCfgSimpleParserLib.lib
/home/xephyr/Documents/edk2/Build/OvmfX64/DEBUG_GCC5/X64/UefiCpuPkg/Library/MtrrLib/MtrrLib/OUTPUT/MtrrLib.lib