/home/xephyr/Documents/edk2/Build/SecurityPkg/DEBUG_GCC5/X64/SecurityPkg/Tcg/Tcg2Pei/Tcg2Pei/OUTPUT/Tcg2Pei.lib
/home/xephyr/Documents/edk2/Build/SecurityPkg/DEBUG_GCC5/X64/MdePkg/Library/RegisterFilterLibNull/RegisterFilterLibNull/OUTPUT/FilterLibNull.lib
/home/xephyr/Documents/edk2/Build/SecurityPkg/DEBUG_GCC5/X64/MdePkg/Library/BasePcdLibNull/BasePcdLibNull/OUTPUT/BasePcdLibNull.lib
/home/xephyr/Documents/edk2/Build/SecurityPkg/DEBUG_GCC5/X64/MdePkg/Library/BaseLib/BaseLib/OUTPUT/BaseLib.lib
/home/xephyr/Documents/edk2/Build/SecurityPkg/DEBUG_GCC5/X64/MdePkg/Library/PeiMemoryAllocationLib/PeiMemoryAllocationLib/OUTPUT/PeiMemoryAllocationLib.lib
/home/xephyr/Documents/edk2/Build/SecurityPkg/DEBUG_GCC5/X64/MdePkg/Library/BaseDebugLibNull/BaseDebugLibNull/OUTPUT/BaseDebugLibNull.lib
/home/xephyr/Documents/edk2/Build/SecurityPkg/DEBUG_GCC5/X64/MdePkg/Library/BaseMemoryLib/BaseMemoryLib/OUTPUT/BaseMemoryLib.lib
/home/xephyr/Documents/edk2/Build/SecurityPkg/DEBUG_GCC5/X64/MdePkg/Library/PeiServicesLib/PeiServicesLib/OUTPUT/PeiServicesLib.lib
/home/xephyr/Documents/edk2/Build/SecurityPkg/DEBUG_GCC5/X64/MdePkg/Library/PeiHobLib/PeiHobLib/OUTPUT/PeiHobLib.lib
/home/xephyr/Documents/edk2/Build/SecurityPkg/DEBUG_GCC5/X64/MdePkg/Library/PeiServicesTablePointerLib/PeiServicesTablePointerLib/OUTPUT/PeiServicesTablePointerLib.lib
/home/xephyr/Documents/edk2/Build/SecurityPkg/DEBUG_GCC5/X64/SecurityPkg/Library/Tpm2DeviceLibRouter/Tpm2DeviceLibRouterPei/OUTPUT/Tpm2DeviceLibRouterPei.lib
/home/xephyr/Documents/edk2/Build/SecurityPkg/DEBUG_GCC5/X64/SecurityPkg/Library/Tpm2CommandLib/Tpm2CommandLib/OUTPUT/Tpm2CommandLib.lib
/home/xephyr/Documents/edk2/Build/SecurityPkg/DEBUG_GCC5/X64/MdeModulePkg/Library/OemHookStatusCodeLibNull/OemHookStatusCodeLibNull/OUTPUT/OemHookStatusCodeLibNull.lib
/home/xephyr/Documents/edk2/Build/SecurityPkg/DEBUG_GCC5/X64/MdePkg/Library/BaseTimerLibNullTemplate/BaseTimerLibNullTemplate/OUTPUT/BaseTimerLibNullTemplate.lib
/home/xephyr/Documents/edk2/Build/SecurityPkg/DEBUG_GCC5/X64/MdePkg/Library/BaseIoLibIntrinsic/BaseIoLibIntrinsic/OUTPUT/BaseIoLibIntrinsic.lib
/home/xephyr/Documents/edk2/Build/SecurityPkg/DEBUG_GCC5/X64/CryptoPkg/Library/BaseCryptLibNull/BaseCryptLibNull/OUTPUT/BaseCryptLibNull.lib
/home/xephyr/Documents/edk2/Build/SecurityPkg/DEBUG_GCC5/X64/MdePkg/Library/PeimEntryPoint/PeimEntryPoint/OUTPUT/PeimEntryPoint.lib
/home/xephyr/Documents/edk2/Build/SecurityPkg/DEBUG_GCC5/X64/SecurityPkg/Library/HashLibBaseCryptoRouter/HashLibBaseCryptoRouterPei/OUTPUT/HashLibBaseCryptoRouterPei.lib
/home/xephyr/Documents/edk2/Build/SecurityPkg/DEBUG_GCC5/X64/MdePkg/Library/BasePerformanceLibNull/BasePerformanceLibNull/OUTPUT/BasePerformanceLibNull.lib
/home/xephyr/Documents/edk2/Build/SecurityPkg/DEBUG_GCC5/X64/MdeModulePkg/Library/PeiReportStatusCodeLib/PeiReportStatusCodeLib/OUTPUT/PeiReportStatusCodeLib.lib
/home/xephyr/Documents/edk2/Build/SecurityPkg/DEBUG_GCC5/X64/MdeModulePkg/Library/BaseResetSystemLibNull/BaseResetSystemLibNull/OUTPUT/BaseResetSystemLibNull.lib
/home/xephyr/Documents/edk2/Build/SecurityPkg/DEBUG_GCC5/X64/MdePkg/Library/BasePrintLib/BasePrintLib/OUTPUT/BasePrintLib.lib
/home/xephyr/Documents/edk2/Build/SecurityPkg/DEBUG_GCC5/X64/SecurityPkg/Library/Tpm2DeviceLibDTpm/Tpm2InstanceLibDTpm/OUTPUT/Tpm2InstanceLibDTpm.lib
/home/xephyr/Documents/edk2/Build/SecurityPkg/DEBUG_GCC5/X64/SecurityPkg/Library/HashInstanceLibSha1/HashInstanceLibSha1/OUTPUT/HashInstanceLibSha1.lib
/home/xephyr/Documents/edk2/Build/SecurityPkg/DEBUG_GCC5/X64/SecurityPkg/Library/HashInstanceLibSha256/HashInstanceLibSha256/OUTPUT/HashInstanceLibSha256.lib
/home/xephyr/Documents/edk2/Build/SecurityPkg/DEBUG_GCC5/X64/SecurityPkg/Library/HashInstanceLibSha384/HashInstanceLibSha384/OUTPUT/HashInstanceLibSha384.lib
/home/xephyr/Documents/edk2/Build/SecurityPkg/DEBUG_GCC5/X64/SecurityPkg/Library/HashInstanceLibSha512/HashInstanceLibSha512/OUTPUT/HashInstanceLibSha512.lib
/home/xephyr/Documents/edk2/Build/SecurityPkg/DEBUG_GCC5/X64/SecurityPkg/Library/HashInstanceLibSm3/HashInstanceLibSm3/OUTPUT/HashInstanceLibSm3.lib