/home/xephyr/Documents/edk2/Build/Mde/RELEASE_GCC5/IA32/MdePkg/Library/BaseMemoryLibRepStr/BaseMemoryLibRepStr/OUTPUT/ScanMem64Wrapper.obj
/home/xephyr/Documents/edk2/Build/Mde/RELEASE_GCC5/IA32/MdePkg/Library/BaseMemoryLibRepStr/BaseMemoryLibRepStr/OUTPUT/ScanMem32Wrapper.obj
/home/xephyr/Documents/edk2/Build/Mde/RELEASE_GCC5/IA32/MdePkg/Library/BaseMemoryLibRepStr/BaseMemoryLibRepStr/OUTPUT/ScanMem16Wrapper.obj
/home/xephyr/Documents/edk2/Build/Mde/RELEASE_GCC5/IA32/MdePkg/Library/BaseMemoryLibRepStr/BaseMemoryLibRepStr/OUTPUT/ScanMem8Wrapper.obj
/home/xephyr/Documents/edk2/Build/Mde/RELEASE_GCC5/IA32/MdePkg/Library/BaseMemoryLibRepStr/BaseMemoryLibRepStr/OUTPUT/ZeroMemWrapper.obj
/home/xephyr/Documents/edk2/Build/Mde/RELEASE_GCC5/IA32/MdePkg/Library/BaseMemoryLibRepStr/BaseMemoryLibRepStr/OUTPUT/CompareMemWrapper.obj
/home/xephyr/Documents/edk2/Build/Mde/RELEASE_GCC5/IA32/MdePkg/Library/BaseMemoryLibRepStr/BaseMemoryLibRepStr/OUTPUT/SetMem64Wrapper.obj
/home/xephyr/Documents/edk2/Build/Mde/RELEASE_GCC5/IA32/MdePkg/Library/BaseMemoryLibRepStr/BaseMemoryLibRepStr/OUTPUT/SetMem32Wrapper.obj
/home/xephyr/Documents/edk2/Build/Mde/RELEASE_GCC5/IA32/MdePkg/Library/BaseMemoryLibRepStr/BaseMemoryLibRepStr/OUTPUT/SetMem16Wrapper.obj
/home/xephyr/Documents/edk2/Build/Mde/RELEASE_GCC5/IA32/MdePkg/Library/BaseMemoryLibRepStr/BaseMemoryLibRepStr/OUTPUT/SetMemWrapper.obj
/home/xephyr/Documents/edk2/Build/Mde/RELEASE_GCC5/IA32/MdePkg/Library/BaseMemoryLibRepStr/BaseMemoryLibRepStr/OUTPUT/CopyMemWrapper.obj
/home/xephyr/Documents/edk2/Build/Mde/RELEASE_GCC5/IA32/MdePkg/Library/BaseMemoryLibRepStr/BaseMemoryLibRepStr/OUTPUT/IsZeroBufferWrapper.obj
/home/xephyr/Documents/edk2/Build/Mde/RELEASE_GCC5/IA32/MdePkg/Library/BaseMemoryLibRepStr/BaseMemoryLibRepStr/OUTPUT/MemLibGuid.obj
/home/xephyr/Documents/edk2/Build/Mde/RELEASE_GCC5/IA32/MdePkg/Library/BaseMemoryLibRepStr/BaseMemoryLibRepStr/OUTPUT/Ia32/ScanMem64.obj
/home/xephyr/Documents/edk2/Build/Mde/RELEASE_GCC5/IA32/MdePkg/Library/BaseMemoryLibRepStr/BaseMemoryLibRepStr/OUTPUT/Ia32/ScanMem32.obj
/home/xephyr/Documents/edk2/Build/Mde/RELEASE_GCC5/IA32/MdePkg/Library/BaseMemoryLibRepStr/BaseMemoryLibRepStr/OUTPUT/Ia32/ScanMem16.obj
/home/xephyr/Documents/edk2/Build/Mde/RELEASE_GCC5/IA32/MdePkg/Library/BaseMemoryLibRepStr/BaseMemoryLibRepStr/OUTPUT/Ia32/ScanMem8.obj
/home/xephyr/Documents/edk2/Build/Mde/RELEASE_GCC5/IA32/MdePkg/Library/BaseMemoryLibRepStr/BaseMemoryLibRepStr/OUTPUT/Ia32/CompareMem.obj
/home/xephyr/Documents/edk2/Build/Mde/RELEASE_GCC5/IA32/MdePkg/Library/BaseMemoryLibRepStr/BaseMemoryLibRepStr/OUTPUT/Ia32/ZeroMem.obj
/home/xephyr/Documents/edk2/Build/Mde/RELEASE_GCC5/IA32/MdePkg/Library/BaseMemoryLibRepStr/BaseMemoryLibRepStr/OUTPUT/Ia32/SetMem64.obj
/home/xephyr/Documents/edk2/Build/Mde/RELEASE_GCC5/IA32/MdePkg/Library/BaseMemoryLibRepStr/BaseMemoryLibRepStr/OUTPUT/Ia32/SetMem32.obj
/home/xephyr/Documents/edk2/Build/Mde/RELEASE_GCC5/IA32/MdePkg/Library/BaseMemoryLibRepStr/BaseMemoryLibRepStr/OUTPUT/Ia32/SetMem16.obj
/home/xephyr/Documents/edk2/Build/Mde/RELEASE_GCC5/IA32/MdePkg/Library/BaseMemoryLibRepStr/BaseMemoryLibRepStr/OUTPUT/Ia32/SetMem.obj
/home/xephyr/Documents/edk2/Build/Mde/RELEASE_GCC5/IA32/MdePkg/Library/BaseMemoryLibRepStr/BaseMemoryLibRepStr/OUTPUT/Ia32/CopyMem.obj
/home/xephyr/Documents/edk2/Build/Mde/RELEASE_GCC5/IA32/MdePkg/Library/BaseMemoryLibRepStr/BaseMemoryLibRepStr/OUTPUT/Ia32/IsZeroBuffer.obj