/home/xephyr/Documents/edk2/Build/SecurityPkg/DEBUG_GCC5/X64/SecurityPkg/Tcg/TcgDxe/TcgDxe/OUTPUT/TcgDxe.lib
/home/xephyr/Documents/edk2/Build/SecurityPkg/DEBUG_GCC5/X64/MdePkg/Library/RegisterFilterLibNull/RegisterFilterLibNull/OUTPUT/FilterLibNull.lib
/home/xephyr/Documents/edk2/Build/SecurityPkg/DEBUG_GCC5/X64/MdePkg/Library/BasePcdLibNull/BasePcdLibNull/OUTPUT/BasePcdLibNull.lib
/home/xephyr/Documents/edk2/Build/SecurityPkg/DEBUG_GCC5/X64/MdePkg/Library/BaseDebugLibNull/BaseDebugLibNull/OUTPUT/BaseDebugLibNull.lib
/home/xephyr/Documents/edk2/Build/SecurityPkg/DEBUG_GCC5/X64/MdePkg/Library/BaseMemoryLib/BaseMemoryLib/OUTPUT/BaseMemoryLib.lib
/home/xephyr/Documents/edk2/Build/SecurityPkg/DEBUG_GCC5/X64/MdePkg/Library/BaseLib/BaseLib/OUTPUT/BaseLib.lib
/home/xephyr/Documents/edk2/Build/SecurityPkg/DEBUG_GCC5/X64/MdePkg/Library/UefiBootServicesTableLib/UefiBootServicesTableLib/OUTPUT/UefiBootServicesTableLib.lib
/home/xephyr/Documents/edk2/Build/SecurityPkg/DEBUG_GCC5/X64/MdePkg/Library/BasePrintLib/BasePrintLib/OUTPUT/BasePrintLib.lib
/home/xephyr/Documents/edk2/Build/SecurityPkg/DEBUG_GCC5/X64/MdePkg/Library/UefiMemoryAllocationLib/UefiMemoryAllocationLib/OUTPUT/UefiMemoryAllocationLib.lib
/home/xephyr/Documents/edk2/Build/SecurityPkg/DEBUG_GCC5/X64/MdePkg/Library/UefiDevicePathLib/UefiDevicePathLib/OUTPUT/UefiDevicePathLib.lib
/home/xephyr/Documents/edk2/Build/SecurityPkg/DEBUG_GCC5/X64/MdePkg/Library/UefiRuntimeServicesTableLib/UefiRuntimeServicesTableLib/OUTPUT/UefiRuntimeServicesTableLib.lib
/home/xephyr/Documents/edk2/Build/SecurityPkg/DEBUG_GCC5/X64/MdePkg/Library/UefiLib/UefiLib/OUTPUT/UefiLib.lib
/home/xephyr/Documents/edk2/Build/SecurityPkg/DEBUG_GCC5/X64/MdePkg/Library/BaseTimerLibNullTemplate/BaseTimerLibNullTemplate/OUTPUT/BaseTimerLibNullTemplate.lib
/home/xephyr/Documents/edk2/Build/SecurityPkg/DEBUG_GCC5/X64/MdePkg/Library/BaseIoLibIntrinsic/BaseIoLibIntrinsic/OUTPUT/BaseIoLibIntrinsic.lib
/home/xephyr/Documents/edk2/Build/SecurityPkg/DEBUG_GCC5/X64/SecurityPkg/Library/Tpm12DeviceLibTcg/Tpm12DeviceLibTcg/OUTPUT/Tpm12DeviceLibTcg.lib
/home/xephyr/Documents/edk2/Build/SecurityPkg/DEBUG_GCC5/X64/MdePkg/Library/DxeHobLib/DxeHobLib/OUTPUT/DxeHobLib.lib
/home/xephyr/Documents/edk2/Build/SecurityPkg/DEBUG_GCC5/X64/MdePkg/Library/UefiDriverEntryPoint/UefiDriverEntryPoint/OUTPUT/UefiDriverEntryPoint.lib
/home/xephyr/Documents/edk2/Build/SecurityPkg/DEBUG_GCC5/X64/CryptoPkg/Library/BaseCryptLibNull/BaseCryptLibNull/OUTPUT/BaseCryptLibNull.lib
/home/xephyr/Documents/edk2/Build/SecurityPkg/DEBUG_GCC5/X64/MdeModulePkg/Library/DxeReportStatusCodeLib/DxeReportStatusCodeLib/OUTPUT/DxeReportStatusCodeLib.lib
/home/xephyr/Documents/edk2/Build/SecurityPkg/DEBUG_GCC5/X64/SecurityPkg/Library/Tpm12CommandLib/Tpm12CommandLib/OUTPUT/Tpm12CommandLib.lib