/home/xephyr/Documents/edk2/Build/Mde/DEBUG_GCC5/ARM/MdePkg/Library/BaseLib/BaseLib/OUTPUT/CheckSum.obj
/home/xephyr/Documents/edk2/Build/Mde/DEBUG_GCC5/ARM/MdePkg/Library/BaseLib/BaseLib/OUTPUT/SwitchStack.obj
/home/xephyr/Documents/edk2/Build/Mde/DEBUG_GCC5/ARM/MdePkg/Library/BaseLib/BaseLib/OUTPUT/SwapBytes64.obj
/home/xephyr/Documents/edk2/Build/Mde/DEBUG_GCC5/ARM/MdePkg/Library/BaseLib/BaseLib/OUTPUT/SwapBytes32.obj
/home/xephyr/Documents/edk2/Build/Mde/DEBUG_GCC5/ARM/MdePkg/Library/BaseLib/BaseLib/OUTPUT/SwapBytes16.obj
/home/xephyr/Documents/edk2/Build/Mde/DEBUG_GCC5/ARM/MdePkg/Library/BaseLib/BaseLib/OUTPUT/LongJump.obj
/home/xephyr/Documents/edk2/Build/Mde/DEBUG_GCC5/ARM/MdePkg/Library/BaseLib/BaseLib/OUTPUT/SetJump.obj
/home/xephyr/Documents/edk2/Build/Mde/DEBUG_GCC5/ARM/MdePkg/Library/BaseLib/BaseLib/OUTPUT/RShiftU64.obj
/home/xephyr/Documents/edk2/Build/Mde/DEBUG_GCC5/ARM/MdePkg/Library/BaseLib/BaseLib/OUTPUT/RRotU64.obj
/home/xephyr/Documents/edk2/Build/Mde/DEBUG_GCC5/ARM/MdePkg/Library/BaseLib/BaseLib/OUTPUT/RRotU32.obj
/home/xephyr/Documents/edk2/Build/Mde/DEBUG_GCC5/ARM/MdePkg/Library/BaseLib/BaseLib/OUTPUT/MultU64x64.obj
/home/xephyr/Documents/edk2/Build/Mde/DEBUG_GCC5/ARM/MdePkg/Library/BaseLib/BaseLib/OUTPUT/MultU64x32.obj
/home/xephyr/Documents/edk2/Build/Mde/DEBUG_GCC5/ARM/MdePkg/Library/BaseLib/BaseLib/OUTPUT/MultS64x64.obj
/home/xephyr/Documents/edk2/Build/Mde/DEBUG_GCC5/ARM/MdePkg/Library/BaseLib/BaseLib/OUTPUT/ModU64x32.obj
/home/xephyr/Documents/edk2/Build/Mde/DEBUG_GCC5/ARM/MdePkg/Library/BaseLib/BaseLib/OUTPUT/LShiftU64.obj
/home/xephyr/Documents/edk2/Build/Mde/DEBUG_GCC5/ARM/MdePkg/Library/BaseLib/BaseLib/OUTPUT/LRotU64.obj
/home/xephyr/Documents/edk2/Build/Mde/DEBUG_GCC5/ARM/MdePkg/Library/BaseLib/BaseLib/OUTPUT/LRotU32.obj
/home/xephyr/Documents/edk2/Build/Mde/DEBUG_GCC5/ARM/MdePkg/Library/BaseLib/BaseLib/OUTPUT/LowBitSet64.obj
/home/xephyr/Documents/edk2/Build/Mde/DEBUG_GCC5/ARM/MdePkg/Library/BaseLib/BaseLib/OUTPUT/LowBitSet32.obj
/home/xephyr/Documents/edk2/Build/Mde/DEBUG_GCC5/ARM/MdePkg/Library/BaseLib/BaseLib/OUTPUT/HighBitSet64.obj
/home/xephyr/Documents/edk2/Build/Mde/DEBUG_GCC5/ARM/MdePkg/Library/BaseLib/BaseLib/OUTPUT/HighBitSet32.obj
/home/xephyr/Documents/edk2/Build/Mde/DEBUG_GCC5/ARM/MdePkg/Library/BaseLib/BaseLib/OUTPUT/GetPowerOfTwo64.obj
/home/xephyr/Documents/edk2/Build/Mde/DEBUG_GCC5/ARM/MdePkg/Library/BaseLib/BaseLib/OUTPUT/GetPowerOfTwo32.obj
/home/xephyr/Documents/edk2/Build/Mde/DEBUG_GCC5/ARM/MdePkg/Library/BaseLib/BaseLib/OUTPUT/DivU64x64Remainder.obj
/home/xephyr/Documents/edk2/Build/Mde/DEBUG_GCC5/ARM/MdePkg/Library/BaseLib/BaseLib/OUTPUT/DivU64x32Remainder.obj
/home/xephyr/Documents/edk2/Build/Mde/DEBUG_GCC5/ARM/MdePkg/Library/BaseLib/BaseLib/OUTPUT/DivU64x32.obj
/home/xephyr/Documents/edk2/Build/Mde/DEBUG_GCC5/ARM/MdePkg/Library/BaseLib/BaseLib/OUTPUT/DivS64x64Remainder.obj
/home/xephyr/Documents/edk2/Build/Mde/DEBUG_GCC5/ARM/MdePkg/Library/BaseLib/BaseLib/OUTPUT/ARShiftU64.obj
/home/xephyr/Documents/edk2/Build/Mde/DEBUG_GCC5/ARM/MdePkg/Library/BaseLib/BaseLib/OUTPUT/BitField.obj
/home/xephyr/Documents/edk2/Build/Mde/DEBUG_GCC5/ARM/MdePkg/Library/BaseLib/BaseLib/OUTPUT/CpuDeadLoop.obj
/home/xephyr/Documents/edk2/Build/Mde/DEBUG_GCC5/ARM/MdePkg/Library/BaseLib/BaseLib/OUTPUT/Cpu.obj
/home/xephyr/Documents/edk2/Build/Mde/DEBUG_GCC5/ARM/MdePkg/Library/BaseLib/BaseLib/OUTPUT/LinkedList.obj
/home/xephyr/Documents/edk2/Build/Mde/DEBUG_GCC5/ARM/MdePkg/Library/BaseLib/BaseLib/OUTPUT/SafeString.obj
/home/xephyr/Documents/edk2/Build/Mde/DEBUG_GCC5/ARM/MdePkg/Library/BaseLib/BaseLib/OUTPUT/String.obj
/home/xephyr/Documents/edk2/Build/Mde/DEBUG_GCC5/ARM/MdePkg/Library/BaseLib/BaseLib/OUTPUT/FilePaths.obj
/home/xephyr/Documents/edk2/Build/Mde/DEBUG_GCC5/ARM/MdePkg/Library/BaseLib/BaseLib/OUTPUT/Arm/InternalSwitchStack.obj
/home/xephyr/Documents/edk2/Build/Mde/DEBUG_GCC5/ARM/MdePkg/Library/BaseLib/BaseLib/OUTPUT/Arm/Unaligned.obj
/home/xephyr/Documents/edk2/Build/Mde/DEBUG_GCC5/ARM/MdePkg/Library/BaseLib/BaseLib/OUTPUT/Arm/Math64.obj
/home/xephyr/Documents/edk2/Build/Mde/DEBUG_GCC5/ARM/MdePkg/Library/BaseLib/BaseLib/OUTPUT/Arm/SwitchStack.obj
/home/xephyr/Documents/edk2/Build/Mde/DEBUG_GCC5/ARM/MdePkg/Library/BaseLib/BaseLib/OUTPUT/Arm/EnableInterrupts.obj
/home/xephyr/Documents/edk2/Build/Mde/DEBUG_GCC5/ARM/MdePkg/Library/BaseLib/BaseLib/OUTPUT/Arm/DisableInterrupts.obj
/home/xephyr/Documents/edk2/Build/Mde/DEBUG_GCC5/ARM/MdePkg/Library/BaseLib/BaseLib/OUTPUT/Arm/GetInterruptsState.obj
/home/xephyr/Documents/edk2/Build/Mde/DEBUG_GCC5/ARM/MdePkg/Library/BaseLib/BaseLib/OUTPUT/Arm/SetJumpLongJump.obj
/home/xephyr/Documents/edk2/Build/Mde/DEBUG_GCC5/ARM/MdePkg/Library/BaseLib/BaseLib/OUTPUT/Arm/CpuBreakpoint.obj
/home/xephyr/Documents/edk2/Build/Mde/DEBUG_GCC5/ARM/MdePkg/Library/BaseLib/BaseLib/OUTPUT/Arm/MemoryFence.obj
/home/xephyr/Documents/edk2/Build/Mde/DEBUG_GCC5/ARM/MdePkg/Library/BaseLib/BaseLib/OUTPUT/Arm/SpeculationBarrier.obj