/home/xephyr/Documents/edk2/Build/SecurityPkg/DEBUG_GCC5/X64/SecurityPkg/Tcg/Opal/OpalPassword/OpalPasswordDxe/OUTPUT/OpalPasswordDxe.lib
/home/xephyr/Documents/edk2/Build/SecurityPkg/DEBUG_GCC5/X64/MdePkg/Library/RegisterFilterLibNull/RegisterFilterLibNull/OUTPUT/FilterLibNull.lib
/home/xephyr/Documents/edk2/Build/SecurityPkg/DEBUG_GCC5/X64/MdePkg/Library/BasePcdLibNull/BasePcdLibNull/OUTPUT/BasePcdLibNull.lib
/home/xephyr/Documents/edk2/Build/SecurityPkg/DEBUG_GCC5/X64/MdePkg/Library/BaseDebugLibNull/BaseDebugLibNull/OUTPUT/BaseDebugLibNull.lib
/home/xephyr/Documents/edk2/Build/SecurityPkg/DEBUG_GCC5/X64/MdePkg/Library/BaseMemoryLib/BaseMemoryLib/OUTPUT/BaseMemoryLib.lib
/home/xephyr/Documents/edk2/Build/SecurityPkg/DEBUG_GCC5/X64/MdePkg/Library/BaseLib/BaseLib/OUTPUT/BaseLib.lib
/home/xephyr/Documents/edk2/Build/SecurityPkg/DEBUG_GCC5/X64/MdePkg/Library/UefiBootServicesTableLib/UefiBootServicesTableLib/OUTPUT/UefiBootServicesTableLib.lib
/home/xephyr/Documents/edk2/Build/SecurityPkg/DEBUG_GCC5/X64/MdePkg/Library/BasePrintLib/BasePrintLib/OUTPUT/BasePrintLib.lib
/home/xephyr/Documents/edk2/Build/SecurityPkg/DEBUG_GCC5/X64/MdePkg/Library/UefiMemoryAllocationLib/UefiMemoryAllocationLib/OUTPUT/UefiMemoryAllocationLib.lib
/home/xephyr/Documents/edk2/Build/SecurityPkg/DEBUG_GCC5/X64/MdePkg/Library/UefiDevicePathLib/UefiDevicePathLib/OUTPUT/UefiDevicePathLib.lib
/home/xephyr/Documents/edk2/Build/SecurityPkg/DEBUG_GCC5/X64/MdePkg/Library/UefiRuntimeServicesTableLib/UefiRuntimeServicesTableLib/OUTPUT/UefiRuntimeServicesTableLib.lib
/home/xephyr/Documents/edk2/Build/SecurityPkg/DEBUG_GCC5/X64/SecurityPkg/Library/Tpm2DeviceLibTcg2/Tpm2DeviceLibTcg2/OUTPUT/Tpm2DeviceLibTcg2.lib
/home/xephyr/Documents/edk2/Build/SecurityPkg/DEBUG_GCC5/X64/MdePkg/Library/UefiLib/UefiLib/OUTPUT/UefiLib.lib
/home/xephyr/Documents/edk2/Build/SecurityPkg/DEBUG_GCC5/X64/MdeModulePkg/Library/UefiHiiServicesLib/UefiHiiServicesLib/OUTPUT/UefiHiiServicesLib.lib
/home/xephyr/Documents/edk2/Build/SecurityPkg/DEBUG_GCC5/X64/MdePkg/Library/BaseIoLibIntrinsic/BaseIoLibIntrinsic/OUTPUT/BaseIoLibIntrinsic.lib
/home/xephyr/Documents/edk2/Build/SecurityPkg/DEBUG_GCC5/X64/SecurityPkg/Library/TcgStorageCoreLib/TcgStorageCoreLib/OUTPUT/TcgStorageCoreLib.lib
/home/xephyr/Documents/edk2/Build/SecurityPkg/DEBUG_GCC5/X64/MdePkg/Library/BaseTimerLibNullTemplate/BaseTimerLibNullTemplate/OUTPUT/BaseTimerLibNullTemplate.lib
/home/xephyr/Documents/edk2/Build/SecurityPkg/DEBUG_GCC5/X64/SecurityPkg/Library/Tcg2PpVendorLibNull/Tcg2PpVendorLibNull/OUTPUT/Tcg2PpVendorLibNull.lib
/home/xephyr/Documents/edk2/Build/SecurityPkg/DEBUG_GCC5/X64/SecurityPkg/Library/Tpm2CommandLib/Tpm2CommandLib/OUTPUT/Tpm2CommandLib.lib
/home/xephyr/Documents/edk2/Build/SecurityPkg/DEBUG_GCC5/X64/MdePkg/Library/DxeHobLib/DxeHobLib/OUTPUT/DxeHobLib.lib
/home/xephyr/Documents/edk2/Build/SecurityPkg/DEBUG_GCC5/X64/MdeModulePkg/Library/UefiHiiLib/UefiHiiLib/OUTPUT/UefiHiiLib.lib
/home/xephyr/Documents/edk2/Build/SecurityPkg/DEBUG_GCC5/X64/MdePkg/Library/UefiDriverEntryPoint/UefiDriverEntryPoint/OUTPUT/UefiDriverEntryPoint.lib
/home/xephyr/Documents/edk2/Build/SecurityPkg/DEBUG_GCC5/X64/MdePkg/Library/BasePciExpressLib/BasePciExpressLib/OUTPUT/BasePciExpressLib.lib
/home/xephyr/Documents/edk2/Build/SecurityPkg/DEBUG_GCC5/X64/MdePkg/Library/DxeServicesTableLib/DxeServicesTableLib/OUTPUT/DxeServicesTableLib.lib
/home/xephyr/Documents/edk2/Build/SecurityPkg/DEBUG_GCC5/X64/SecurityPkg/Library/TcgStorageOpalLib/TcgStorageOpalLib/OUTPUT/TcgStorageOpalLib.lib
/home/xephyr/Documents/edk2/Build/SecurityPkg/DEBUG_GCC5/X64/SecurityPkg/Library/DxeTcg2PhysicalPresenceLib/DxeTcg2PhysicalPresenceLib/OUTPUT/DxeTcg2PhysicalPresenceLib.lib
/home/xephyr/Documents/edk2/Build/SecurityPkg/DEBUG_GCC5/X64/MdePkg/Library/BasePciLibPciExpress/BasePciLibPciExpress/OUTPUT/BasePciLibPciExpress.lib
/home/xephyr/Documents/edk2/Build/SecurityPkg/DEBUG_GCC5/X64/MdeModulePkg/Library/LockBoxNullLib/LockBoxNullLib/OUTPUT/LockBoxNullLib.lib