/home/xephyr/Documents/edk2/Build/Mde/DEBUG_GCC5/IA32/MdePkg/Library/BaseMemoryLibMmx/BaseMemoryLibMmx/OUTPUT/ScanMem64Wrapper.obj
/home/xephyr/Documents/edk2/Build/Mde/DEBUG_GCC5/IA32/MdePkg/Library/BaseMemoryLibMmx/BaseMemoryLibMmx/OUTPUT/ScanMem32Wrapper.obj
/home/xephyr/Documents/edk2/Build/Mde/DEBUG_GCC5/IA32/MdePkg/Library/BaseMemoryLibMmx/BaseMemoryLibMmx/OUTPUT/ScanMem16Wrapper.obj
/home/xephyr/Documents/edk2/Build/Mde/DEBUG_GCC5/IA32/MdePkg/Library/BaseMemoryLibMmx/BaseMemoryLibMmx/OUTPUT/ScanMem8Wrapper.obj
/home/xephyr/Documents/edk2/Build/Mde/DEBUG_GCC5/IA32/MdePkg/Library/BaseMemoryLibMmx/BaseMemoryLibMmx/OUTPUT/ZeroMemWrapper.obj
/home/xephyr/Documents/edk2/Build/Mde/DEBUG_GCC5/IA32/MdePkg/Library/BaseMemoryLibMmx/BaseMemoryLibMmx/OUTPUT/CompareMemWrapper.obj
/home/xephyr/Documents/edk2/Build/Mde/DEBUG_GCC5/IA32/MdePkg/Library/BaseMemoryLibMmx/BaseMemoryLibMmx/OUTPUT/SetMem64Wrapper.obj
/home/xephyr/Documents/edk2/Build/Mde/DEBUG_GCC5/IA32/MdePkg/Library/BaseMemoryLibMmx/BaseMemoryLibMmx/OUTPUT/SetMem32Wrapper.obj
/home/xephyr/Documents/edk2/Build/Mde/DEBUG_GCC5/IA32/MdePkg/Library/BaseMemoryLibMmx/BaseMemoryLibMmx/OUTPUT/SetMem16Wrapper.obj
/home/xephyr/Documents/edk2/Build/Mde/DEBUG_GCC5/IA32/MdePkg/Library/BaseMemoryLibMmx/BaseMemoryLibMmx/OUTPUT/SetMemWrapper.obj
/home/xephyr/Documents/edk2/Build/Mde/DEBUG_GCC5/IA32/MdePkg/Library/BaseMemoryLibMmx/BaseMemoryLibMmx/OUTPUT/CopyMemWrapper.obj
/home/xephyr/Documents/edk2/Build/Mde/DEBUG_GCC5/IA32/MdePkg/Library/BaseMemoryLibMmx/BaseMemoryLibMmx/OUTPUT/IsZeroBufferWrapper.obj
/home/xephyr/Documents/edk2/Build/Mde/DEBUG_GCC5/IA32/MdePkg/Library/BaseMemoryLibMmx/BaseMemoryLibMmx/OUTPUT/MemLibGuid.obj
/home/xephyr/Documents/edk2/Build/Mde/DEBUG_GCC5/IA32/MdePkg/Library/BaseMemoryLibMmx/BaseMemoryLibMmx/OUTPUT/Ia32/ScanMem64.obj
/home/xephyr/Documents/edk2/Build/Mde/DEBUG_GCC5/IA32/MdePkg/Library/BaseMemoryLibMmx/BaseMemoryLibMmx/OUTPUT/Ia32/ScanMem32.obj
/home/xephyr/Documents/edk2/Build/Mde/DEBUG_GCC5/IA32/MdePkg/Library/BaseMemoryLibMmx/BaseMemoryLibMmx/OUTPUT/Ia32/ScanMem16.obj
/home/xephyr/Documents/edk2/Build/Mde/DEBUG_GCC5/IA32/MdePkg/Library/BaseMemoryLibMmx/BaseMemoryLibMmx/OUTPUT/Ia32/ScanMem8.obj
/home/xephyr/Documents/edk2/Build/Mde/DEBUG_GCC5/IA32/MdePkg/Library/BaseMemoryLibMmx/BaseMemoryLibMmx/OUTPUT/Ia32/CompareMem.obj
/home/xephyr/Documents/edk2/Build/Mde/DEBUG_GCC5/IA32/MdePkg/Library/BaseMemoryLibMmx/BaseMemoryLibMmx/OUTPUT/Ia32/SetMem64.obj
/home/xephyr/Documents/edk2/Build/Mde/DEBUG_GCC5/IA32/MdePkg/Library/BaseMemoryLibMmx/BaseMemoryLibMmx/OUTPUT/Ia32/SetMem32.obj
/home/xephyr/Documents/edk2/Build/Mde/DEBUG_GCC5/IA32/MdePkg/Library/BaseMemoryLibMmx/BaseMemoryLibMmx/OUTPUT/Ia32/SetMem16.obj
/home/xephyr/Documents/edk2/Build/Mde/DEBUG_GCC5/IA32/MdePkg/Library/BaseMemoryLibMmx/BaseMemoryLibMmx/OUTPUT/Ia32/ZeroMem.obj
/home/xephyr/Documents/edk2/Build/Mde/DEBUG_GCC5/IA32/MdePkg/Library/BaseMemoryLibMmx/BaseMemoryLibMmx/OUTPUT/Ia32/SetMem.obj
/home/xephyr/Documents/edk2/Build/Mde/DEBUG_GCC5/IA32/MdePkg/Library/BaseMemoryLibMmx/BaseMemoryLibMmx/OUTPUT/Ia32/CopyMem.obj
/home/xephyr/Documents/edk2/Build/Mde/DEBUG_GCC5/IA32/MdePkg/Library/BaseMemoryLibMmx/BaseMemoryLibMmx/OUTPUT/Ia32/IsZeroBuffer.obj