/home/xephyr/Documents/edk2/Build/DynamicTables/RELEASE_GCC5/ARM/DynamicTablesPkg/Drivers/DynamicTableFactoryDxe/DynamicTableFactoryDxe/OUTPUT/DynamicTableFactoryDxe.lib
/home/xephyr/Documents/edk2/Build/DynamicTables/RELEASE_GCC5/ARM/MdePkg/Library/BaseMemoryLib/BaseMemoryLib/OUTPUT/BaseMemoryLib.lib
/home/xephyr/Documents/edk2/Build/DynamicTables/RELEASE_GCC5/ARM/MdePkg/Library/BasePcdLibNull/BasePcdLibNull/OUTPUT/BasePcdLibNull.lib
/home/xephyr/Documents/edk2/Build/DynamicTables/RELEASE_GCC5/ARM/MdePkg/Library/BaseDebugLibNull/BaseDebugLibNull/OUTPUT/BaseDebugLibNull.lib
/home/xephyr/Documents/edk2/Build/DynamicTables/RELEASE_GCC5/ARM/MdePkg/Library/BaseLib/BaseLib/OUTPUT/BaseLib.lib
/home/xephyr/Documents/edk2/Build/DynamicTables/RELEASE_GCC5/ARM/MdePkg/Library/RegisterFilterLibNull/RegisterFilterLibNull/OUTPUT/FilterLibNull.lib
/home/xephyr/Documents/edk2/Build/DynamicTables/RELEASE_GCC5/ARM/MdePkg/Library/BaseIoLibIntrinsic/BaseIoLibIntrinsic/OUTPUT/BaseIoLibIntrinsic.lib
/home/xephyr/Documents/edk2/Build/DynamicTables/RELEASE_GCC5/ARM/DynamicTablesPkg/Library/Common/AmlLib/AmlLib/OUTPUT/DynamicAmlLib.lib
/home/xephyr/Documents/edk2/Build/DynamicTables/RELEASE_GCC5/ARM/MdePkg/Library/UefiBootServicesTableLib/UefiBootServicesTableLib/OUTPUT/UefiBootServicesTableLib.lib
/home/xephyr/Documents/edk2/Build/DynamicTables/RELEASE_GCC5/ARM/ArmPlatformPkg/Library/PL011UartLib/PL011UartLib/OUTPUT/PL011UartLib.lib
/home/xephyr/Documents/edk2/Build/DynamicTables/RELEASE_GCC5/ARM/DynamicTablesPkg/Library/Common/SsdtSerialPortFixupLib/SsdtSerialPortFixupLib/OUTPUT/DynamicSsdtSerialPortFixupLib.lib
/home/xephyr/Documents/edk2/Build/DynamicTables/RELEASE_GCC5/ARM/ArmPkg/Library/CompilerIntrinsicsLib/CompilerIntrinsicsLib/OUTPUT/CompilerIntrinsicsLib.lib
/home/xephyr/Documents/edk2/Build/DynamicTables/RELEASE_GCC5/ARM/DynamicTablesPkg/Library/Common/TableHelperLib/TableHelperLib/OUTPUT/DynamicTableHelperLib.lib
/home/xephyr/Documents/edk2/Build/DynamicTables/RELEASE_GCC5/ARM/MdePkg/Library/UefiMemoryAllocationLib/UefiMemoryAllocationLib/OUTPUT/UefiMemoryAllocationLib.lib
/home/xephyr/Documents/edk2/Build/DynamicTables/RELEASE_GCC5/ARM/MdePkg/Library/BasePrintLib/BasePrintLib/OUTPUT/BasePrintLib.lib
/home/xephyr/Documents/edk2/Build/DynamicTables/RELEASE_GCC5/ARM/MdePkg/Library/UefiDriverEntryPoint/UefiDriverEntryPoint/OUTPUT/UefiDriverEntryPoint.lib
/home/xephyr/Documents/edk2/Build/DynamicTables/RELEASE_GCC5/ARM/DynamicTablesPkg/Library/Acpi/Arm/AcpiDbg2LibArm/AcpiDbg2LibArm/OUTPUT/AcpiDbg2LibArm.lib
/home/xephyr/Documents/edk2/Build/DynamicTables/RELEASE_GCC5/ARM/DynamicTablesPkg/Library/Acpi/Arm/AcpiFadtLibArm/AcpiFadtLibArm/OUTPUT/AcpiFadtLibArm.lib
/home/xephyr/Documents/edk2/Build/DynamicTables/RELEASE_GCC5/ARM/DynamicTablesPkg/Library/Acpi/Arm/AcpiGtdtLibArm/AcpiGtdtLibArm/OUTPUT/AcpiGtdtLibArm.lib
/home/xephyr/Documents/edk2/Build/DynamicTables/RELEASE_GCC5/ARM/DynamicTablesPkg/Library/Acpi/Arm/AcpiIortLibArm/AcpiIortLibArm/OUTPUT/AcpiIortLibArm.lib
/home/xephyr/Documents/edk2/Build/DynamicTables/RELEASE_GCC5/ARM/DynamicTablesPkg/Library/Acpi/Arm/AcpiMadtLibArm/AcpiMadtLibArm/OUTPUT/AcpiMadtLibArm.lib
/home/xephyr/Documents/edk2/Build/DynamicTables/RELEASE_GCC5/ARM/DynamicTablesPkg/Library/Acpi/Arm/AcpiMcfgLibArm/AcpiMcfgLibArm/OUTPUT/AcpiMcfgLibArm.lib
/home/xephyr/Documents/edk2/Build/DynamicTables/RELEASE_GCC5/ARM/DynamicTablesPkg/Library/Acpi/Arm/AcpiPpttLibArm/AcpiPpttLibArm/OUTPUT/AcpiPpttLibArm.lib
/home/xephyr/Documents/edk2/Build/DynamicTables/RELEASE_GCC5/ARM/DynamicTablesPkg/Library/Acpi/Arm/AcpiRawLibArm/AcpiRawLibArm/OUTPUT/AcpiRawLibArm.lib
/home/xephyr/Documents/edk2/Build/DynamicTables/RELEASE_GCC5/ARM/DynamicTablesPkg/Library/Acpi/Arm/AcpiSpcrLibArm/AcpiSpcrLibArm/OUTPUT/AcpiSpcrLibArm.lib
/home/xephyr/Documents/edk2/Build/DynamicTables/RELEASE_GCC5/ARM/DynamicTablesPkg/Library/Acpi/Arm/AcpiSratLibArm/AcpiSratLibArm/OUTPUT/AcpiSratLibArm.lib
/home/xephyr/Documents/edk2/Build/DynamicTables/RELEASE_GCC5/ARM/DynamicTablesPkg/Library/Acpi/Arm/AcpiSsdtSerialPortLibArm/SsdtSerialPortLibArm/OUTPUT/SsdtSerialPortLibArm.lib
/home/xephyr/Documents/edk2/Build/DynamicTables/RELEASE_GCC5/ARM/DynamicTablesPkg/Library/Acpi/Arm/AcpiSsdtCmn600LibArm/SsdtCmn600LibArm/OUTPUT/SsdtCmn600LibArm.lib