/home/xephyr/Documents/edk2/Build/FmpDevicePkg/RELEASE_GCC5/X64/FmpDevicePkg/FmpDxe/B461B3BD-E62A-4A71-841C-50BA4E500267/OUTPUT/FmpDxe.lib
/home/xephyr/Documents/edk2/Build/FmpDevicePkg/RELEASE_GCC5/X64/MdePkg/Library/RegisterFilterLibNull/RegisterFilterLibNull/OUTPUT/FilterLibNull.lib
/home/xephyr/Documents/edk2/Build/FmpDevicePkg/RELEASE_GCC5/X64/MdePkg/Library/BasePcdLibNull/BasePcdLibNull/OUTPUT/BasePcdLibNull.lib
/home/xephyr/Documents/edk2/Build/FmpDevicePkg/RELEASE_GCC5/X64/MdePkg/Library/BaseMemoryLib/BaseMemoryLib/OUTPUT/BaseMemoryLib.lib
/home/xephyr/Documents/edk2/Build/FmpDevicePkg/RELEASE_GCC5/X64/MdePkg/Library/BaseLib/BaseLib/OUTPUT/BaseLib.lib
/home/xephyr/Documents/edk2/Build/FmpDevicePkg/RELEASE_GCC5/X64/MdePkg/Library/BaseDebugPrintErrorLevelLib/BaseDebugPrintErrorLevelLib/OUTPUT/BaseDebugPrintErrorLevelLib.lib
/home/xephyr/Documents/edk2/Build/FmpDevicePkg/RELEASE_GCC5/X64/MdePkg/Library/BasePrintLib/BasePrintLib/OUTPUT/BasePrintLib.lib
/home/xephyr/Documents/edk2/Build/FmpDevicePkg/RELEASE_GCC5/X64/MdePkg/Library/UefiDebugLibStdErr/UefiDebugLibStdErr/OUTPUT/UefiDebugLibStdErr.lib
/home/xephyr/Documents/edk2/Build/FmpDevicePkg/RELEASE_GCC5/X64/MdePkg/Library/UefiBootServicesTableLib/UefiBootServicesTableLib/OUTPUT/UefiBootServicesTableLib.lib
/home/xephyr/Documents/edk2/Build/FmpDevicePkg/RELEASE_GCC5/X64/UnitTestFrameworkPkg/Library/UnitTestResultReportLib/UnitTestResultReportLibDebugLib/OUTPUT/UnitTestResultReportLibDebugLib.lib
/home/xephyr/Documents/edk2/Build/FmpDevicePkg/RELEASE_GCC5/X64/UnitTestFrameworkPkg/Library/UnitTestPersistenceLibNull/UnitTestPersistenceLibNull/OUTPUT/UnitTestPersistenceLibNull.lib
/home/xephyr/Documents/edk2/Build/FmpDevicePkg/RELEASE_GCC5/X64/MdePkg/Library/UefiMemoryAllocationLib/UefiMemoryAllocationLib/OUTPUT/UefiMemoryAllocationLib.lib
/home/xephyr/Documents/edk2/Build/FmpDevicePkg/RELEASE_GCC5/X64/UnitTestFrameworkPkg/Library/UnitTestLib/UnitTestLib/OUTPUT/UnitTestLib.lib
/home/xephyr/Documents/edk2/Build/FmpDevicePkg/RELEASE_GCC5/X64/MdePkg/Library/UefiRuntimeServicesTableLib/UefiRuntimeServicesTableLib/OUTPUT/UefiRuntimeServicesTableLib.lib
/home/xephyr/Documents/edk2/Build/FmpDevicePkg/RELEASE_GCC5/X64/MdePkg/Library/UefiDevicePathLib/UefiDevicePathLib/OUTPUT/UefiDevicePathLib.lib
/home/xephyr/Documents/edk2/Build/FmpDevicePkg/RELEASE_GCC5/X64/CryptoPkg/Library/BaseCryptLibNull/BaseCryptLibNull/OUTPUT/BaseCryptLibNull.lib
/home/xephyr/Documents/edk2/Build/FmpDevicePkg/RELEASE_GCC5/X64/UnitTestFrameworkPkg/Library/UnitTestDebugAssertLib/UnitTestDebugAssertLib/OUTPUT/UnitTestDebugAssertLib.lib
/home/xephyr/Documents/edk2/Build/FmpDevicePkg/RELEASE_GCC5/X64/MdePkg/Library/UefiDriverEntryPoint/UefiDriverEntryPoint/OUTPUT/UefiDriverEntryPoint.lib
/home/xephyr/Documents/edk2/Build/FmpDevicePkg/RELEASE_GCC5/X64/MdePkg/Library/UefiLib/UefiLib/OUTPUT/UefiLib.lib
/home/xephyr/Documents/edk2/Build/FmpDevicePkg/RELEASE_GCC5/X64/SecurityPkg/Library/FmpAuthenticationLibPkcs7/FmpAuthenticationLibPkcs7/OUTPUT/FmpAuthenticationLibPkcs7.lib
/home/xephyr/Documents/edk2/Build/FmpDevicePkg/RELEASE_GCC5/X64/FmpDevicePkg/Library/FmpDeviceLibNull/FmpDeviceLibNull/OUTPUT/FmpDeviceLibNull.lib
/home/xephyr/Documents/edk2/Build/FmpDevicePkg/RELEASE_GCC5/X64/FmpDevicePkg/Library/FmpPayloadHeaderLibV1/FmpPayloadHeaderLibV1/OUTPUT/FmpPayloadHeaderLibV1.lib
/home/xephyr/Documents/edk2/Build/FmpDevicePkg/RELEASE_GCC5/X64/FmpDevicePkg/Library/CapsuleUpdatePolicyLibOnProtocol/CapsuleUpdatePolicyLibOnProtocol/OUTPUT/CapsuleUpdatePolicyLibOnProtocol.lib
/home/xephyr/Documents/edk2/Build/FmpDevicePkg/RELEASE_GCC5/X64/FmpDevicePkg/Library/FmpDependencyLib/FmpDependencyLib/OUTPUT/FmpDependencyLib.lib
/home/xephyr/Documents/edk2/Build/FmpDevicePkg/RELEASE_GCC5/X64/FmpDevicePkg/Library/FmpDependencyCheckLibNull/FmpDependencyCheckLibNull/OUTPUT/FmpDependencyCheckLibNull.lib
/home/xephyr/Documents/edk2/Build/FmpDevicePkg/RELEASE_GCC5/X64/FmpDevicePkg/Library/FmpDependencyDeviceLibNull/FmpDependencyDeviceLibNull/OUTPUT/FmpDependencyDeviceLibNull.lib