/home/xephyr/Documents/edk2/Build/SecurityPkg/RELEASE_GCC5/X64/SecurityPkg/Tcg/Opal/OpalPassword/OpalPasswordPei/OUTPUT/OpalPasswordPei.lib
/home/xephyr/Documents/edk2/Build/SecurityPkg/RELEASE_GCC5/X64/MdePkg/Library/RegisterFilterLibNull/RegisterFilterLibNull/OUTPUT/FilterLibNull.lib
/home/xephyr/Documents/edk2/Build/SecurityPkg/RELEASE_GCC5/X64/MdePkg/Library/PeiHobLib/PeiHobLib/OUTPUT/PeiHobLib.lib
/home/xephyr/Documents/edk2/Build/SecurityPkg/RELEASE_GCC5/X64/MdePkg/Library/BasePcdLibNull/BasePcdLibNull/OUTPUT/BasePcdLibNull.lib
/home/xephyr/Documents/edk2/Build/SecurityPkg/RELEASE_GCC5/X64/MdePkg/Library/PeiMemoryAllocationLib/PeiMemoryAllocationLib/OUTPUT/PeiMemoryAllocationLib.lib
/home/xephyr/Documents/edk2/Build/SecurityPkg/RELEASE_GCC5/X64/MdePkg/Library/BaseMemoryLib/BaseMemoryLib/OUTPUT/BaseMemoryLib.lib
/home/xephyr/Documents/edk2/Build/SecurityPkg/RELEASE_GCC5/X64/MdePkg/Library/BaseLib/BaseLib/OUTPUT/BaseLib.lib
/home/xephyr/Documents/edk2/Build/SecurityPkg/RELEASE_GCC5/X64/MdePkg/Library/BaseDebugLibNull/BaseDebugLibNull/OUTPUT/BaseDebugLibNull.lib
/home/xephyr/Documents/edk2/Build/SecurityPkg/RELEASE_GCC5/X64/MdePkg/Library/PeiServicesLib/PeiServicesLib/OUTPUT/PeiServicesLib.lib
/home/xephyr/Documents/edk2/Build/SecurityPkg/RELEASE_GCC5/X64/MdePkg/Library/PeiServicesTablePointerLib/PeiServicesTablePointerLib/OUTPUT/PeiServicesTablePointerLib.lib
/home/xephyr/Documents/edk2/Build/SecurityPkg/RELEASE_GCC5/X64/MdePkg/Library/BaseIoLibIntrinsic/BaseIoLibIntrinsic/OUTPUT/BaseIoLibIntrinsic.lib
/home/xephyr/Documents/edk2/Build/SecurityPkg/RELEASE_GCC5/X64/MdePkg/Library/BasePciExpressLib/BasePciExpressLib/OUTPUT/BasePciExpressLib.lib
/home/xephyr/Documents/edk2/Build/SecurityPkg/RELEASE_GCC5/X64/SecurityPkg/Library/TcgStorageCoreLib/TcgStorageCoreLib/OUTPUT/TcgStorageCoreLib.lib
/home/xephyr/Documents/edk2/Build/SecurityPkg/RELEASE_GCC5/X64/MdePkg/Library/BaseTimerLibNullTemplate/BaseTimerLibNullTemplate/OUTPUT/BaseTimerLibNullTemplate.lib
/home/xephyr/Documents/edk2/Build/SecurityPkg/RELEASE_GCC5/X64/MdePkg/Library/BasePrintLib/BasePrintLib/OUTPUT/BasePrintLib.lib
/home/xephyr/Documents/edk2/Build/SecurityPkg/RELEASE_GCC5/X64/MdePkg/Library/PeimEntryPoint/PeimEntryPoint/OUTPUT/PeimEntryPoint.lib
/home/xephyr/Documents/edk2/Build/SecurityPkg/RELEASE_GCC5/X64/MdePkg/Library/BasePciLibPciExpress/BasePciLibPciExpress/OUTPUT/BasePciLibPciExpress.lib
/home/xephyr/Documents/edk2/Build/SecurityPkg/RELEASE_GCC5/X64/MdeModulePkg/Library/LockBoxNullLib/LockBoxNullLib/OUTPUT/LockBoxNullLib.lib
/home/xephyr/Documents/edk2/Build/SecurityPkg/RELEASE_GCC5/X64/SecurityPkg/Library/TcgStorageOpalLib/TcgStorageOpalLib/OUTPUT/TcgStorageOpalLib.lib
/home/xephyr/Documents/edk2/Build/SecurityPkg/RELEASE_GCC5/X64/SecurityPkg/Library/PeiTcg2PhysicalPresenceLib/PeiTcg2PhysicalPresenceLib/OUTPUT/PeiTcg2PhysicalPresenceLib.lib