/home/xephyr/Documents/edk2/Build/OvmfX64/DEBUG_GCC5/X64/CryptoPkg/Library/BaseCryptLib/BaseCryptLib/OUTPUT/Hash/CryptMd5.obj
/home/xephyr/Documents/edk2/Build/OvmfX64/DEBUG_GCC5/X64/CryptoPkg/Library/BaseCryptLib/BaseCryptLib/OUTPUT/Hash/CryptSha1.obj
/home/xephyr/Documents/edk2/Build/OvmfX64/DEBUG_GCC5/X64/CryptoPkg/Library/BaseCryptLib/BaseCryptLib/OUTPUT/Hash/CryptSha256.obj
/home/xephyr/Documents/edk2/Build/OvmfX64/DEBUG_GCC5/X64/CryptoPkg/Library/BaseCryptLib/BaseCryptLib/OUTPUT/Hash/CryptSha512.obj
/home/xephyr/Documents/edk2/Build/OvmfX64/DEBUG_GCC5/X64/CryptoPkg/Library/BaseCryptLib/BaseCryptLib/OUTPUT/Hash/CryptSm3.obj
/home/xephyr/Documents/edk2/Build/OvmfX64/DEBUG_GCC5/X64/CryptoPkg/Library/BaseCryptLib/BaseCryptLib/OUTPUT/Hmac/CryptHmacSha256.obj
/home/xephyr/Documents/edk2/Build/OvmfX64/DEBUG_GCC5/X64/CryptoPkg/Library/BaseCryptLib/BaseCryptLib/OUTPUT/Kdf/CryptHkdf.obj
/home/xephyr/Documents/edk2/Build/OvmfX64/DEBUG_GCC5/X64/CryptoPkg/Library/BaseCryptLib/BaseCryptLib/OUTPUT/Cipher/CryptAes.obj
/home/xephyr/Documents/edk2/Build/OvmfX64/DEBUG_GCC5/X64/CryptoPkg/Library/BaseCryptLib/BaseCryptLib/OUTPUT/Pk/CryptRsaBasic.obj
/home/xephyr/Documents/edk2/Build/OvmfX64/DEBUG_GCC5/X64/CryptoPkg/Library/BaseCryptLib/BaseCryptLib/OUTPUT/Pk/CryptRsaExt.obj
/home/xephyr/Documents/edk2/Build/OvmfX64/DEBUG_GCC5/X64/CryptoPkg/Library/BaseCryptLib/BaseCryptLib/OUTPUT/Pk/CryptPkcs1Oaep.obj
/home/xephyr/Documents/edk2/Build/OvmfX64/DEBUG_GCC5/X64/CryptoPkg/Library/BaseCryptLib/BaseCryptLib/OUTPUT/Pk/CryptPkcs5Pbkdf2.obj
/home/xephyr/Documents/edk2/Build/OvmfX64/DEBUG_GCC5/X64/CryptoPkg/Library/BaseCryptLib/BaseCryptLib/OUTPUT/Pk/CryptPkcs7Sign.obj
/home/xephyr/Documents/edk2/Build/OvmfX64/DEBUG_GCC5/X64/CryptoPkg/Library/BaseCryptLib/BaseCryptLib/OUTPUT/Pk/CryptPkcs7VerifyCommon.obj
/home/xephyr/Documents/edk2/Build/OvmfX64/DEBUG_GCC5/X64/CryptoPkg/Library/BaseCryptLib/BaseCryptLib/OUTPUT/Pk/CryptPkcs7VerifyBase.obj
/home/xephyr/Documents/edk2/Build/OvmfX64/DEBUG_GCC5/X64/CryptoPkg/Library/BaseCryptLib/BaseCryptLib/OUTPUT/Pk/CryptPkcs7VerifyEku.obj
/home/xephyr/Documents/edk2/Build/OvmfX64/DEBUG_GCC5/X64/CryptoPkg/Library/BaseCryptLib/BaseCryptLib/OUTPUT/Pk/CryptDh.obj
/home/xephyr/Documents/edk2/Build/OvmfX64/DEBUG_GCC5/X64/CryptoPkg/Library/BaseCryptLib/BaseCryptLib/OUTPUT/Pk/CryptX509.obj
/home/xephyr/Documents/edk2/Build/OvmfX64/DEBUG_GCC5/X64/CryptoPkg/Library/BaseCryptLib/BaseCryptLib/OUTPUT/Pk/CryptAuthenticode.obj
/home/xephyr/Documents/edk2/Build/OvmfX64/DEBUG_GCC5/X64/CryptoPkg/Library/BaseCryptLib/BaseCryptLib/OUTPUT/Pk/CryptTs.obj
/home/xephyr/Documents/edk2/Build/OvmfX64/DEBUG_GCC5/X64/CryptoPkg/Library/BaseCryptLib/BaseCryptLib/OUTPUT/Pk/CryptRsaPss.obj
/home/xephyr/Documents/edk2/Build/OvmfX64/DEBUG_GCC5/X64/CryptoPkg/Library/BaseCryptLib/BaseCryptLib/OUTPUT/Pk/CryptRsaPssSign.obj
/home/xephyr/Documents/edk2/Build/OvmfX64/DEBUG_GCC5/X64/CryptoPkg/Library/BaseCryptLib/BaseCryptLib/OUTPUT/Pem/CryptPem.obj
/home/xephyr/Documents/edk2/Build/OvmfX64/DEBUG_GCC5/X64/CryptoPkg/Library/BaseCryptLib/BaseCryptLib/OUTPUT/SysCall/CrtWrapper.obj
/home/xephyr/Documents/edk2/Build/OvmfX64/DEBUG_GCC5/X64/CryptoPkg/Library/BaseCryptLib/BaseCryptLib/OUTPUT/SysCall/TimerWrapper.obj
/home/xephyr/Documents/edk2/Build/OvmfX64/DEBUG_GCC5/X64/CryptoPkg/Library/BaseCryptLib/BaseCryptLib/OUTPUT/SysCall/BaseMemAllocation.obj
/home/xephyr/Documents/edk2/Build/OvmfX64/DEBUG_GCC5/X64/CryptoPkg/Library/BaseCryptLib/BaseCryptLib/OUTPUT/SysCall/inet_pton.obj
/home/xephyr/Documents/edk2/Build/OvmfX64/DEBUG_GCC5/X64/CryptoPkg/Library/BaseCryptLib/BaseCryptLib/OUTPUT/Rand/CryptRandTsc.obj