/home/xephyr/Documents/edk2/Build/Arm/DEBUG_GCC5/ARM/ArmPkg/Drivers/CpuDxe/CpuDxe/OUTPUT/ArmCpuDxe.lib
/home/xephyr/Documents/edk2/Build/Arm/DEBUG_GCC5/ARM/MdePkg/Library/BasePcdLibNull/BasePcdLibNull/OUTPUT/BasePcdLibNull.lib
/home/xephyr/Documents/edk2/Build/Arm/DEBUG_GCC5/ARM/MdePkg/Library/BaseLib/BaseLib/OUTPUT/BaseLib.lib
/home/xephyr/Documents/edk2/Build/Arm/DEBUG_GCC5/ARM/ArmPkg/Library/CompilerIntrinsicsLib/CompilerIntrinsicsLib/OUTPUT/CompilerIntrinsicsLib.lib
/home/xephyr/Documents/edk2/Build/Arm/DEBUG_GCC5/ARM/MdePkg/Library/BaseStackCheckLib/BaseStackCheckLib/OUTPUT/BaseStackCheckLib.lib
/home/xephyr/Documents/edk2/Build/Arm/DEBUG_GCC5/ARM/MdePkg/Library/BaseDebugLibNull/BaseDebugLibNull/OUTPUT/BaseDebugLibNull.lib
/home/xephyr/Documents/edk2/Build/Arm/DEBUG_GCC5/ARM/MdePkg/Library/BaseMemoryLib/BaseMemoryLib/OUTPUT/BaseMemoryLib.lib
/home/xephyr/Documents/edk2/Build/Arm/DEBUG_GCC5/ARM/MdePkg/Library/UefiBootServicesTableLib/UefiBootServicesTableLib/OUTPUT/UefiBootServicesTableLib.lib
/home/xephyr/Documents/edk2/Build/Arm/DEBUG_GCC5/ARM/MdePkg/Library/UefiMemoryAllocationLib/UefiMemoryAllocationLib/OUTPUT/UefiMemoryAllocationLib.lib
/home/xephyr/Documents/edk2/Build/Arm/DEBUG_GCC5/ARM/MdePkg/Library/BasePrintLib/BasePrintLib/OUTPUT/BasePrintLib.lib
/home/xephyr/Documents/edk2/Build/Arm/DEBUG_GCC5/ARM/MdePkg/Library/BasePeCoffGetEntryPointLib/BasePeCoffGetEntryPointLib/OUTPUT/BasePeCoffGetEntryPointLib.lib
/home/xephyr/Documents/edk2/Build/Arm/DEBUG_GCC5/ARM/MdePkg/Library/UefiRuntimeServicesTableLib/UefiRuntimeServicesTableLib/OUTPUT/UefiRuntimeServicesTableLib.lib
/home/xephyr/Documents/edk2/Build/Arm/DEBUG_GCC5/ARM/MdePkg/Library/UefiDevicePathLib/UefiDevicePathLib/OUTPUT/UefiDevicePathLib.lib
/home/xephyr/Documents/edk2/Build/Arm/DEBUG_GCC5/ARM/ArmPkg/Library/ArmLib/ArmBaseLib/OUTPUT/ArmBaseLib.lib
/home/xephyr/Documents/edk2/Build/Arm/DEBUG_GCC5/ARM/MdePkg/Library/BaseSerialPortLibNull/BaseSerialPortLibNull/OUTPUT/BaseSerialPortLibNull.lib
/home/xephyr/Documents/edk2/Build/Arm/DEBUG_GCC5/ARM/ArmPkg/Library/ArmDisassemblerLib/ArmDisassemblerLib/OUTPUT/ArmDisassemblerLib.lib
/home/xephyr/Documents/edk2/Build/Arm/DEBUG_GCC5/ARM/MdePkg/Library/UefiLib/UefiLib/OUTPUT/UefiLib.lib
/home/xephyr/Documents/edk2/Build/Arm/DEBUG_GCC5/ARM/ArmPkg/Library/ArmCacheMaintenanceLib/ArmCacheMaintenanceLib/OUTPUT/ArmCacheMaintenanceLib.lib
/home/xephyr/Documents/edk2/Build/Arm/DEBUG_GCC5/ARM/ArmPkg/Library/DefaultExceptionHandlerLib/DefaultExceptionHandlerLib/OUTPUT/DefaultExceptionHandlerLib.lib
/home/xephyr/Documents/edk2/Build/Arm/DEBUG_GCC5/ARM/ArmPkg/Library/ArmMmuLib/ArmMmuBaseLib/OUTPUT/ArmMmuBaseLib.lib
/home/xephyr/Documents/edk2/Build/Arm/DEBUG_GCC5/ARM/MdePkg/Library/BaseCpuLib/BaseCpuLib/OUTPUT/BaseCpuLib.lib
/home/xephyr/Documents/edk2/Build/Arm/DEBUG_GCC5/ARM/ArmPkg/Library/ArmExceptionLib/ArmExceptionLib/OUTPUT/ArmExceptionLib.lib
/home/xephyr/Documents/edk2/Build/Arm/DEBUG_GCC5/ARM/MdePkg/Library/DxeServicesTableLib/DxeServicesTableLib/OUTPUT/DxeServicesTableLib.lib
/home/xephyr/Documents/edk2/Build/Arm/DEBUG_GCC5/ARM/MdePkg/Library/DxeHobLib/DxeHobLib/OUTPUT/DxeHobLib.lib
/home/xephyr/Documents/edk2/Build/Arm/DEBUG_GCC5/ARM/MdePkg/Library/UefiDriverEntryPoint/UefiDriverEntryPoint/OUTPUT/UefiDriverEntryPoint.lib