/home/xephyr/Documents/edk2/Build/SecurityPkg/RELEASE_GCC5/X64/SecurityPkg/HddPassword/HddPasswordDxe/OUTPUT/HddPasswordDxe.lib
/home/xephyr/Documents/edk2/Build/SecurityPkg/RELEASE_GCC5/X64/MdePkg/Library/RegisterFilterLibNull/RegisterFilterLibNull/OUTPUT/FilterLibNull.lib
/home/xephyr/Documents/edk2/Build/SecurityPkg/RELEASE_GCC5/X64/MdePkg/Library/BasePcdLibNull/BasePcdLibNull/OUTPUT/BasePcdLibNull.lib
/home/xephyr/Documents/edk2/Build/SecurityPkg/RELEASE_GCC5/X64/MdePkg/Library/BaseDebugLibNull/BaseDebugLibNull/OUTPUT/BaseDebugLibNull.lib
/home/xephyr/Documents/edk2/Build/SecurityPkg/RELEASE_GCC5/X64/MdePkg/Library/BaseMemoryLib/BaseMemoryLib/OUTPUT/BaseMemoryLib.lib
/home/xephyr/Documents/edk2/Build/SecurityPkg/RELEASE_GCC5/X64/MdePkg/Library/BaseLib/BaseLib/OUTPUT/BaseLib.lib
/home/xephyr/Documents/edk2/Build/SecurityPkg/RELEASE_GCC5/X64/MdePkg/Library/UefiBootServicesTableLib/UefiBootServicesTableLib/OUTPUT/UefiBootServicesTableLib.lib
/home/xephyr/Documents/edk2/Build/SecurityPkg/RELEASE_GCC5/X64/MdePkg/Library/BaseIoLibIntrinsic/BaseIoLibIntrinsic/OUTPUT/BaseIoLibIntrinsic.lib
/home/xephyr/Documents/edk2/Build/SecurityPkg/RELEASE_GCC5/X64/MdePkg/Library/BasePrintLib/BasePrintLib/OUTPUT/BasePrintLib.lib
/home/xephyr/Documents/edk2/Build/SecurityPkg/RELEASE_GCC5/X64/MdePkg/Library/UefiMemoryAllocationLib/UefiMemoryAllocationLib/OUTPUT/UefiMemoryAllocationLib.lib
/home/xephyr/Documents/edk2/Build/SecurityPkg/RELEASE_GCC5/X64/MdePkg/Library/BasePciExpressLib/BasePciExpressLib/OUTPUT/BasePciExpressLib.lib
/home/xephyr/Documents/edk2/Build/SecurityPkg/RELEASE_GCC5/X64/MdePkg/Library/UefiDevicePathLib/UefiDevicePathLib/OUTPUT/UefiDevicePathLib.lib
/home/xephyr/Documents/edk2/Build/SecurityPkg/RELEASE_GCC5/X64/MdePkg/Library/UefiRuntimeServicesTableLib/UefiRuntimeServicesTableLib/OUTPUT/UefiRuntimeServicesTableLib.lib
/home/xephyr/Documents/edk2/Build/SecurityPkg/RELEASE_GCC5/X64/MdePkg/Library/BasePciLibPciExpress/BasePciLibPciExpress/OUTPUT/BasePciLibPciExpress.lib
/home/xephyr/Documents/edk2/Build/SecurityPkg/RELEASE_GCC5/X64/MdePkg/Library/UefiLib/UefiLib/OUTPUT/UefiLib.lib
/home/xephyr/Documents/edk2/Build/SecurityPkg/RELEASE_GCC5/X64/MdeModulePkg/Library/UefiHiiServicesLib/UefiHiiServicesLib/OUTPUT/UefiHiiServicesLib.lib
/home/xephyr/Documents/edk2/Build/SecurityPkg/RELEASE_GCC5/X64/MdePkg/Library/BasePciSegmentLibPci/BasePciSegmentLibPci/OUTPUT/BasePciSegmentLibPci.lib
/home/xephyr/Documents/edk2/Build/SecurityPkg/RELEASE_GCC5/X64/MdePkg/Library/BaseSmbusLibNull/BaseSmbusLibNull/OUTPUT/BaseSmbusLibNull.lib
/home/xephyr/Documents/edk2/Build/SecurityPkg/RELEASE_GCC5/X64/MdePkg/Library/BaseTimerLibNullTemplate/BaseTimerLibNullTemplate/OUTPUT/BaseTimerLibNullTemplate.lib
/home/xephyr/Documents/edk2/Build/SecurityPkg/RELEASE_GCC5/X64/MdeModulePkg/Library/LockBoxNullLib/LockBoxNullLib/OUTPUT/LockBoxNullLib.lib
/home/xephyr/Documents/edk2/Build/SecurityPkg/RELEASE_GCC5/X64/MdePkg/Library/UefiDriverEntryPoint/UefiDriverEntryPoint/OUTPUT/UefiDriverEntryPoint.lib
/home/xephyr/Documents/edk2/Build/SecurityPkg/RELEASE_GCC5/X64/MdePkg/Library/DxeServicesTableLib/DxeServicesTableLib/OUTPUT/DxeServicesTableLib.lib
/home/xephyr/Documents/edk2/Build/SecurityPkg/RELEASE_GCC5/X64/MdeModulePkg/Library/UefiHiiLib/UefiHiiLib/OUTPUT/UefiHiiLib.lib
/home/xephyr/Documents/edk2/Build/SecurityPkg/RELEASE_GCC5/X64/MdeModulePkg/Library/PiDxeS3BootScriptLib/DxeS3BootScriptLib/OUTPUT/DxeS3BootScriptLib.lib
/home/xephyr/Documents/edk2/Build/SecurityPkg/RELEASE_GCC5/X64/CryptoPkg/Library/BaseCryptLibNull/BaseCryptLibNull/OUTPUT/BaseCryptLibNull.lib