/home/xephyr/Documents/edk2/Build/OvmfX64/DEBUG_GCC5/X64/MdeModulePkg/Core/Pei/PeiMain/OUTPUT/PeiCore.lib
/home/xephyr/Documents/edk2/Build/OvmfX64/DEBUG_GCC5/X64/MdePkg/Library/RegisterFilterLibNull/RegisterFilterLibNull/OUTPUT/FilterLibNull.lib
/home/xephyr/Documents/edk2/Build/OvmfX64/DEBUG_GCC5/X64/MdePkg/Library/BasePcdLibNull/BasePcdLibNull/OUTPUT/BasePcdLibNull.lib
/home/xephyr/Documents/edk2/Build/OvmfX64/DEBUG_GCC5/X64/MdePkg/Library/PeiServicesTablePointerLibIdt/PeiServicesTablePointerLibIdt/OUTPUT/PeiServicesTablePointerLibIdt.lib
/home/xephyr/Documents/edk2/Build/OvmfX64/DEBUG_GCC5/X64/MdePkg/Library/PeiMemoryAllocationLib/PeiMemoryAllocationLib/OUTPUT/PeiMemoryAllocationLib.lib
/home/xephyr/Documents/edk2/Build/OvmfX64/DEBUG_GCC5/X64/MdePkg/Library/BaseLib/BaseLib/OUTPUT/BaseLib.lib
/home/xephyr/Documents/edk2/Build/OvmfX64/DEBUG_GCC5/X64/MdePkg/Library/PeiHobLib/PeiHobLib/OUTPUT/PeiHobLib.lib
/home/xephyr/Documents/edk2/Build/OvmfX64/DEBUG_GCC5/X64/MdePkg/Library/PeiServicesLib/PeiServicesLib/OUTPUT/PeiServicesLib.lib
/home/xephyr/Documents/edk2/Build/OvmfX64/DEBUG_GCC5/X64/MdePkg/Library/BaseMemoryLibRepStr/BaseMemoryLibRepStr/OUTPUT/BaseMemoryLibRepStr.lib
/home/xephyr/Documents/edk2/Build/OvmfX64/DEBUG_GCC5/X64/MdePkg/Library/BaseDebugPrintErrorLevelLib/BaseDebugPrintErrorLevelLib/OUTPUT/BaseDebugPrintErrorLevelLib.lib
/home/xephyr/Documents/edk2/Build/OvmfX64/DEBUG_GCC5/X64/MdePkg/Library/BasePrintLib/BasePrintLib/OUTPUT/BasePrintLib.lib
/home/xephyr/Documents/edk2/Build/OvmfX64/DEBUG_GCC5/X64/MdePkg/Library/BaseIoLibIntrinsic/BaseIoLibIntrinsicSev/OUTPUT/BaseIoLibIntrinsicSev.lib
/home/xephyr/Documents/edk2/Build/OvmfX64/DEBUG_GCC5/X64/OvmfPkg/Library/PlatformDebugLibIoPort/PlatformDebugLibIoPort/OUTPUT/PlatformDebugLibIoPort.lib
/home/xephyr/Documents/edk2/Build/OvmfX64/DEBUG_GCC5/X64/MdeModulePkg/Library/OemHookStatusCodeLibNull/OemHookStatusCodeLibNull/OUTPUT/OemHookStatusCodeLibNull.lib
/home/xephyr/Documents/edk2/Build/OvmfX64/DEBUG_GCC5/X64/MdePkg/Library/BasePeCoffExtraActionLibNull/BasePeCoffExtraActionLibNull/OUTPUT/PeCoffExtraActionLibNull.lib
/home/xephyr/Documents/edk2/Build/OvmfX64/DEBUG_GCC5/X64/MdePkg/Library/BasePeCoffGetEntryPointLib/BasePeCoffGetEntryPointLib/OUTPUT/BasePeCoffGetEntryPointLib.lib
/home/xephyr/Documents/edk2/Build/OvmfX64/DEBUG_GCC5/X64/MdeModulePkg/Library/PeiReportStatusCodeLib/PeiReportStatusCodeLib/OUTPUT/PeiReportStatusCodeLib.lib
/home/xephyr/Documents/edk2/Build/OvmfX64/DEBUG_GCC5/X64/MdePkg/Library/BasePerformanceLibNull/BasePerformanceLibNull/OUTPUT/BasePerformanceLibNull.lib
/home/xephyr/Documents/edk2/Build/OvmfX64/DEBUG_GCC5/X64/MdePkg/Library/PeiCoreEntryPoint/PeiCoreEntryPoint/OUTPUT/PeiCoreEntryPoint.lib
/home/xephyr/Documents/edk2/Build/OvmfX64/DEBUG_GCC5/X64/MdePkg/Library/BaseCacheMaintenanceLib/BaseCacheMaintenanceLib/OUTPUT/BaseCacheMaintenanceLib.lib
/home/xephyr/Documents/edk2/Build/OvmfX64/DEBUG_GCC5/X64/MdePkg/Library/BasePeCoffLib/BasePeCoffLib/OUTPUT/BasePeCoffLib.lib