/home/xephyr/Documents/edk2/Build/Mde/DEBUG_GCC5/ARM/ArmPkg/Library/CompilerIntrinsicsLib/CompilerIntrinsicsLib/OUTPUT/memcpy.obj
/home/xephyr/Documents/edk2/Build/Mde/DEBUG_GCC5/ARM/ArmPkg/Library/CompilerIntrinsicsLib/CompilerIntrinsicsLib/OUTPUT/memset.obj
/home/xephyr/Documents/edk2/Build/Mde/DEBUG_GCC5/ARM/ArmPkg/Library/CompilerIntrinsicsLib/CompilerIntrinsicsLib/OUTPUT/Arm/ashrdi3.obj
/home/xephyr/Documents/edk2/Build/Mde/DEBUG_GCC5/ARM/ArmPkg/Library/CompilerIntrinsicsLib/CompilerIntrinsicsLib/OUTPUT/Arm/ashldi3.obj
/home/xephyr/Documents/edk2/Build/Mde/DEBUG_GCC5/ARM/ArmPkg/Library/CompilerIntrinsicsLib/CompilerIntrinsicsLib/OUTPUT/Arm/div.obj
/home/xephyr/Documents/edk2/Build/Mde/DEBUG_GCC5/ARM/ArmPkg/Library/CompilerIntrinsicsLib/CompilerIntrinsicsLib/OUTPUT/Arm/divdi3.obj
/home/xephyr/Documents/edk2/Build/Mde/DEBUG_GCC5/ARM/ArmPkg/Library/CompilerIntrinsicsLib/CompilerIntrinsicsLib/OUTPUT/Arm/divsi3.obj
/home/xephyr/Documents/edk2/Build/Mde/DEBUG_GCC5/ARM/ArmPkg/Library/CompilerIntrinsicsLib/CompilerIntrinsicsLib/OUTPUT/Arm/lshrdi3.obj
/home/xephyr/Documents/edk2/Build/Mde/DEBUG_GCC5/ARM/ArmPkg/Library/CompilerIntrinsicsLib/CompilerIntrinsicsLib/OUTPUT/Arm/memmove.obj
/home/xephyr/Documents/edk2/Build/Mde/DEBUG_GCC5/ARM/ArmPkg/Library/CompilerIntrinsicsLib/CompilerIntrinsicsLib/OUTPUT/Arm/modsi3.obj
/home/xephyr/Documents/edk2/Build/Mde/DEBUG_GCC5/ARM/ArmPkg/Library/CompilerIntrinsicsLib/CompilerIntrinsicsLib/OUTPUT/Arm/moddi3.obj
/home/xephyr/Documents/edk2/Build/Mde/DEBUG_GCC5/ARM/ArmPkg/Library/CompilerIntrinsicsLib/CompilerIntrinsicsLib/OUTPUT/Arm/muldi3.obj
/home/xephyr/Documents/edk2/Build/Mde/DEBUG_GCC5/ARM/ArmPkg/Library/CompilerIntrinsicsLib/CompilerIntrinsicsLib/OUTPUT/Arm/mullu.obj
/home/xephyr/Documents/edk2/Build/Mde/DEBUG_GCC5/ARM/ArmPkg/Library/CompilerIntrinsicsLib/CompilerIntrinsicsLib/OUTPUT/Arm/udivsi3.obj
/home/xephyr/Documents/edk2/Build/Mde/DEBUG_GCC5/ARM/ArmPkg/Library/CompilerIntrinsicsLib/CompilerIntrinsicsLib/OUTPUT/Arm/umodsi3.obj
/home/xephyr/Documents/edk2/Build/Mde/DEBUG_GCC5/ARM/ArmPkg/Library/CompilerIntrinsicsLib/CompilerIntrinsicsLib/OUTPUT/Arm/udivdi3.obj
/home/xephyr/Documents/edk2/Build/Mde/DEBUG_GCC5/ARM/ArmPkg/Library/CompilerIntrinsicsLib/CompilerIntrinsicsLib/OUTPUT/Arm/umoddi3.obj
/home/xephyr/Documents/edk2/Build/Mde/DEBUG_GCC5/ARM/ArmPkg/Library/CompilerIntrinsicsLib/CompilerIntrinsicsLib/OUTPUT/Arm/udivmoddi4.obj
/home/xephyr/Documents/edk2/Build/Mde/DEBUG_GCC5/ARM/ArmPkg/Library/CompilerIntrinsicsLib/CompilerIntrinsicsLib/OUTPUT/Arm/clzsi2.obj
/home/xephyr/Documents/edk2/Build/Mde/DEBUG_GCC5/ARM/ArmPkg/Library/CompilerIntrinsicsLib/CompilerIntrinsicsLib/OUTPUT/Arm/ctzsi2.obj
/home/xephyr/Documents/edk2/Build/Mde/DEBUG_GCC5/ARM/ArmPkg/Library/CompilerIntrinsicsLib/CompilerIntrinsicsLib/OUTPUT/Arm/ucmpdi2.obj
/home/xephyr/Documents/edk2/Build/Mde/DEBUG_GCC5/ARM/ArmPkg/Library/CompilerIntrinsicsLib/CompilerIntrinsicsLib/OUTPUT/Arm/switch8.obj
/home/xephyr/Documents/edk2/Build/Mde/DEBUG_GCC5/ARM/ArmPkg/Library/CompilerIntrinsicsLib/CompilerIntrinsicsLib/OUTPUT/Arm/switchu8.obj
/home/xephyr/Documents/edk2/Build/Mde/DEBUG_GCC5/ARM/ArmPkg/Library/CompilerIntrinsicsLib/CompilerIntrinsicsLib/OUTPUT/Arm/switch16.obj
/home/xephyr/Documents/edk2/Build/Mde/DEBUG_GCC5/ARM/ArmPkg/Library/CompilerIntrinsicsLib/CompilerIntrinsicsLib/OUTPUT/Arm/switch32.obj
/home/xephyr/Documents/edk2/Build/Mde/DEBUG_GCC5/ARM/ArmPkg/Library/CompilerIntrinsicsLib/CompilerIntrinsicsLib/OUTPUT/Arm/sourcery.obj
/home/xephyr/Documents/edk2/Build/Mde/DEBUG_GCC5/ARM/ArmPkg/Library/CompilerIntrinsicsLib/CompilerIntrinsicsLib/OUTPUT/Arm/uldiv.obj
/home/xephyr/Documents/edk2/Build/Mde/DEBUG_GCC5/ARM/ArmPkg/Library/CompilerIntrinsicsLib/CompilerIntrinsicsLib/OUTPUT/Arm/ldivmod.obj
/home/xephyr/Documents/edk2/Build/Mde/DEBUG_GCC5/ARM/ArmPkg/Library/CompilerIntrinsicsLib/CompilerIntrinsicsLib/OUTPUT/Arm/lasr.obj
/home/xephyr/Documents/edk2/Build/Mde/DEBUG_GCC5/ARM/ArmPkg/Library/CompilerIntrinsicsLib/CompilerIntrinsicsLib/OUTPUT/Arm/llsr.obj
/home/xephyr/Documents/edk2/Build/Mde/DEBUG_GCC5/ARM/ArmPkg/Library/CompilerIntrinsicsLib/CompilerIntrinsicsLib/OUTPUT/Arm/llsl.obj
/home/xephyr/Documents/edk2/Build/Mde/DEBUG_GCC5/ARM/ArmPkg/Library/CompilerIntrinsicsLib/CompilerIntrinsicsLib/OUTPUT/Arm/uread.obj
/home/xephyr/Documents/edk2/Build/Mde/DEBUG_GCC5/ARM/ArmPkg/Library/CompilerIntrinsicsLib/CompilerIntrinsicsLib/OUTPUT/Arm/uwrite.obj