/home/xephyr/Documents/edk2/Build/CryptoPkg/DEBUG_GCC5/X64/CryptoPkg/Library/BaseCryptLib/PeiCryptLib/OUTPUT/Hash/CryptMd5.obj
/home/xephyr/Documents/edk2/Build/CryptoPkg/DEBUG_GCC5/X64/CryptoPkg/Library/BaseCryptLib/PeiCryptLib/OUTPUT/Hash/CryptSha1.obj
/home/xephyr/Documents/edk2/Build/CryptoPkg/DEBUG_GCC5/X64/CryptoPkg/Library/BaseCryptLib/PeiCryptLib/OUTPUT/Hash/CryptSha256.obj
/home/xephyr/Documents/edk2/Build/CryptoPkg/DEBUG_GCC5/X64/CryptoPkg/Library/BaseCryptLib/PeiCryptLib/OUTPUT/Hash/CryptSm3.obj
/home/xephyr/Documents/edk2/Build/CryptoPkg/DEBUG_GCC5/X64/CryptoPkg/Library/BaseCryptLib/PeiCryptLib/OUTPUT/Hash/CryptSha512.obj
/home/xephyr/Documents/edk2/Build/CryptoPkg/DEBUG_GCC5/X64/CryptoPkg/Library/BaseCryptLib/PeiCryptLib/OUTPUT/Hmac/CryptHmacSha256.obj
/home/xephyr/Documents/edk2/Build/CryptoPkg/DEBUG_GCC5/X64/CryptoPkg/Library/BaseCryptLib/PeiCryptLib/OUTPUT/Kdf/CryptHkdf.obj
/home/xephyr/Documents/edk2/Build/CryptoPkg/DEBUG_GCC5/X64/CryptoPkg/Library/BaseCryptLib/PeiCryptLib/OUTPUT/Cipher/CryptAesNull.obj
/home/xephyr/Documents/edk2/Build/CryptoPkg/DEBUG_GCC5/X64/CryptoPkg/Library/BaseCryptLib/PeiCryptLib/OUTPUT/Pk/CryptRsaBasic.obj
/home/xephyr/Documents/edk2/Build/CryptoPkg/DEBUG_GCC5/X64/CryptoPkg/Library/BaseCryptLib/PeiCryptLib/OUTPUT/Pk/CryptRsaExtNull.obj
/home/xephyr/Documents/edk2/Build/CryptoPkg/DEBUG_GCC5/X64/CryptoPkg/Library/BaseCryptLib/PeiCryptLib/OUTPUT/Pk/CryptPkcs1OaepNull.obj
/home/xephyr/Documents/edk2/Build/CryptoPkg/DEBUG_GCC5/X64/CryptoPkg/Library/BaseCryptLib/PeiCryptLib/OUTPUT/Pk/CryptPkcs5Pbkdf2Null.obj
/home/xephyr/Documents/edk2/Build/CryptoPkg/DEBUG_GCC5/X64/CryptoPkg/Library/BaseCryptLib/PeiCryptLib/OUTPUT/Pk/CryptPkcs7SignNull.obj
/home/xephyr/Documents/edk2/Build/CryptoPkg/DEBUG_GCC5/X64/CryptoPkg/Library/BaseCryptLib/PeiCryptLib/OUTPUT/Pk/CryptPkcs7VerifyCommon.obj
/home/xephyr/Documents/edk2/Build/CryptoPkg/DEBUG_GCC5/X64/CryptoPkg/Library/BaseCryptLib/PeiCryptLib/OUTPUT/Pk/CryptPkcs7VerifyBase.obj
/home/xephyr/Documents/edk2/Build/CryptoPkg/DEBUG_GCC5/X64/CryptoPkg/Library/BaseCryptLib/PeiCryptLib/OUTPUT/Pk/CryptPkcs7VerifyEku.obj
/home/xephyr/Documents/edk2/Build/CryptoPkg/DEBUG_GCC5/X64/CryptoPkg/Library/BaseCryptLib/PeiCryptLib/OUTPUT/Pk/CryptDhNull.obj
/home/xephyr/Documents/edk2/Build/CryptoPkg/DEBUG_GCC5/X64/CryptoPkg/Library/BaseCryptLib/PeiCryptLib/OUTPUT/Pk/CryptX509Null.obj
/home/xephyr/Documents/edk2/Build/CryptoPkg/DEBUG_GCC5/X64/CryptoPkg/Library/BaseCryptLib/PeiCryptLib/OUTPUT/Pk/CryptAuthenticodeNull.obj
/home/xephyr/Documents/edk2/Build/CryptoPkg/DEBUG_GCC5/X64/CryptoPkg/Library/BaseCryptLib/PeiCryptLib/OUTPUT/Pk/CryptTsNull.obj
/home/xephyr/Documents/edk2/Build/CryptoPkg/DEBUG_GCC5/X64/CryptoPkg/Library/BaseCryptLib/PeiCryptLib/OUTPUT/Pk/CryptRsaPss.obj
/home/xephyr/Documents/edk2/Build/CryptoPkg/DEBUG_GCC5/X64/CryptoPkg/Library/BaseCryptLib/PeiCryptLib/OUTPUT/Pk/CryptRsaPssSignNull.obj
/home/xephyr/Documents/edk2/Build/CryptoPkg/DEBUG_GCC5/X64/CryptoPkg/Library/BaseCryptLib/PeiCryptLib/OUTPUT/Pem/CryptPemNull.obj
/home/xephyr/Documents/edk2/Build/CryptoPkg/DEBUG_GCC5/X64/CryptoPkg/Library/BaseCryptLib/PeiCryptLib/OUTPUT/Rand/CryptRandNull.obj
/home/xephyr/Documents/edk2/Build/CryptoPkg/DEBUG_GCC5/X64/CryptoPkg/Library/BaseCryptLib/PeiCryptLib/OUTPUT/SysCall/CrtWrapper.obj
/home/xephyr/Documents/edk2/Build/CryptoPkg/DEBUG_GCC5/X64/CryptoPkg/Library/BaseCryptLib/PeiCryptLib/OUTPUT/SysCall/ConstantTimeClock.obj
/home/xephyr/Documents/edk2/Build/CryptoPkg/DEBUG_GCC5/X64/CryptoPkg/Library/BaseCryptLib/PeiCryptLib/OUTPUT/SysCall/BaseMemAllocation.obj