//
//  VFR compiler version  2.01 (UEFI 2.4) Developer Build based on Revision: Unknown
//
extern unsigned char OpalPasswordDxeStrings[];
#pragma pack(1)
typedef struct {
  UINT16 Lock:1;
  UINT16 Unlock:1;
  UINT16 SetAdminPwd:1;
  UINT16 SetUserPwd:1;
  UINT16 SecureErase:1;
  UINT16 Revert:1;
  UINT16 PsidRevert:1;
  UINT16 DisableUser:1;
  UINT16 DisableFeature:1;
  UINT16 EnableFeature:1;
  UINT16 Reserved:5;
  UINT16 KeepUserData:1;
} OPAL_REQUEST;
typedef struct {
  UINT8 NumDisks;
  UINT8 SelectedDiskIndex;
  UINT16 SelectedDiskAvailableActions;
  UINT16 SupportedDisks;
  BOOLEAN KeepUserDataForced;
  OPAL_REQUEST OpalRequest;
  UINT8 EnableBlockSid;
} OPAL_HII_CONFIGURATION;
#pragma pack()
formset
>00000000: 0E A7 CF 83 04 41 F9 F4 CE 4E 84 8A 19 58 FD 31 CE B7 04 00 03 00 01 71 99 03 93 45 85 04 4B B4 5E 32 EB 83 26 04 0E 
>00000027: 5C 06 00 00 00 00 
>0000002D: 5C 06 00 00 01 00 
  guid = { 0x410483cf, 0xf4f9, 0x4ece, { 0x84, 0x8a, 0x19, 0x58, 0xfd, 0x31, 0xce, 0xb7 } },
  title = STRING_TOKEN(0x0004),
  help = STRING_TOKEN(0x0003),
  classguid = { 0x93039971, 0x8545, 0x4b04, { 0xb4, 0x5e, 0x32, 0xeb, 0x83, 0x26, 0x4, 0xe } },
  varstore OPAL_HII_CONFIGURATION,
>00000033: 24 24 D2 AC F1 BB D8 28 EA 44 A2 91 58 A2 37 FE DF 1A 01 00 0A 00 4F 70 61 6C 48 69 69 43 6F 6E 66 69 67 00 
    name = OpalHiiConfig,
    guid = { 0xbbf1acd2, 0x28d8, 0x44ea, { 0xa2, 0x91, 0x58, 0xa2, 0x37, 0xfe, 0xdf, 0x1a } };
form formid = 0x01,
>00000057: 01 86 01 00 04 00 
    title = STRING_TOKEN(0x0004);
    suppressif TRUE;
>0000005D: 0A 82 
>0000005F: 46 02 
        numeric
>00000061: 07 94 02 00 02 00 02 80 01 00 04 00 04 11 00 00 FF FF 00 00 
            name = SupportedDisks,
            varid = OpalHiiConfig.SupportedDisks,
            prompt = STRING_TOKEN(0x0002),
            help = STRING_TOKEN(0x0002),
            flags = INTERACTIVE,
            key = 0x8002,
            minimum = 0x0,
            maximum = 0xFFFF,
        endnumeric;
>00000075: 29 02 
    endif;
>00000077: 29 02 
    subtitle text = STRING_TOKEN(0x0006);
>00000079: 02 87 06 00 00 00 00 
>00000080: 29 02 
    subtitle text = STRING_TOKEN(0x0002);
>00000082: 02 87 02 00 00 00 00 
>00000089: 29 02 
    subtitle text = STRING_TOKEN(0x0005);
>0000008B: 02 87 05 00 00 00 00 
>00000092: 29 02 
    suppressif ( questionref(SupportedDisks) & ( 0x1 ) ) == 0;
>00000094: 0A 82 
>00000096: 40 84 02 80 
>0000009A: 45 0A 01 00 00 00 00 00 00 00 
>000000A4: 35 02 
>000000A6: 45 0A 00 00 00 00 00 00 00 00 
>000000B0: 2F 02 
>000000B2: 29 02 
        goto 0x02,
>000000B4: 0F 0F 07 00 0D 00 01 80 00 00 FF FF 04 02 00 
            prompt = STRING_TOKEN(0x0007 ),
            help = STRING_TOKEN(0x000D),
            flags = INTERACTIVE,
            key = 0x8001;
    endif;
>000000C3: 29 02 
    suppressif ( questionref(SupportedDisks) & ( 0x2 ) ) == 0;
>000000C5: 0A 82 
>000000C7: 40 84 02 80 
>000000CB: 45 0A 02 00 00 00 00 00 00 00 
>000000D5: 35 02 
>000000D7: 45 0A 00 00 00 00 00 00 00 00 
>000000E1: 2F 02 
>000000E3: 29 02 
        goto 0x02,
>000000E5: 0F 0F 08 00 0D 00 01 81 00 00 FF FF 04 02 00 
            prompt = STRING_TOKEN(0x0008 ),
            help = STRING_TOKEN(0x000D),
            flags = INTERACTIVE,
            key = 0x8101;
    endif;
>000000F4: 29 02 
    suppressif ( questionref(SupportedDisks) & ( 0x4 ) ) == 0;
>000000F6: 0A 82 
>000000F8: 40 84 02 80 
>000000FC: 45 0A 04 00 00 00 00 00 00 00 
>00000106: 35 02 
>00000108: 45 0A 00 00 00 00 00 00 00 00 
>00000112: 2F 02 
>00000114: 29 02 
        goto 0x02,
>00000116: 0F 0F 09 00 0D 00 01 82 00 00 FF FF 04 02 00 
            prompt = STRING_TOKEN(0x0009 ),
            help = STRING_TOKEN(0x000D),
            flags = INTERACTIVE,
            key = 0x8201;
    endif;
>00000125: 29 02 
    suppressif ( questionref(SupportedDisks) & ( 0x8 ) ) == 0;
>00000127: 0A 82 
>00000129: 40 84 02 80 
>0000012D: 45 0A 08 00 00 00 00 00 00 00 
>00000137: 35 02 
>00000139: 45 0A 00 00 00 00 00 00 00 00 
>00000143: 2F 02 
>00000145: 29 02 
        goto 0x02,
>00000147: 0F 0F 0A 00 0D 00 01 83 00 00 FF FF 04 02 00 
            prompt = STRING_TOKEN(0x000A ),
            help = STRING_TOKEN(0x000D),
            flags = INTERACTIVE,
            key = 0x8301;
    endif;
>00000156: 29 02 
    suppressif ( questionref(SupportedDisks) & ( 0x10 ) ) == 0;
>00000158: 0A 82 
>0000015A: 40 84 02 80 
>0000015E: 45 0A 10 00 00 00 00 00 00 00 
>00000168: 35 02 
>0000016A: 45 0A 00 00 00 00 00 00 00 00 
>00000174: 2F 02 
>00000176: 29 02 
        goto 0x02,
>00000178: 0F 0F 0B 00 0D 00 01 84 00 00 FF FF 04 02 00 
            prompt = STRING_TOKEN(0x000B ),
            help = STRING_TOKEN(0x000D),
            flags = INTERACTIVE,
            key = 0x8401;
    endif;
>00000187: 29 02 
    suppressif ( questionref(SupportedDisks) & ( 0x20 ) ) == 0;
>00000189: 0A 82 
>0000018B: 40 84 02 80 
>0000018F: 45 0A 20 00 00 00 00 00 00 00 
>00000199: 35 02 
>0000019B: 45 0A 00 00 00 00 00 00 00 00 
>000001A5: 2F 02 
>000001A7: 29 02 
        goto 0x02,
>000001A9: 0F 0F 0C 00 0D 00 01 85 00 00 FF FF 04 02 00 
            prompt = STRING_TOKEN(0x000C ),
            help = STRING_TOKEN(0x000D),
            flags = INTERACTIVE,
            key = 0x8501;
    endif;
>000001B8: 29 02 
    suppressif ideqval OpalHiiConfig.NumDisks > 0;
>000001BA: 0A 82 
>000001BC: 40 84 02 00 
>000001C0: 42 03 00 
>000001C3: 31 02 
>000001C5: 29 02 
        text
>000001C7: 03 08 0E 00 0F 00 00 00 
            help = STRING_TOKEN(0x000F),
            text = STRING_TOKEN(0x000E);
    endif;
>000001CF: 29 02 
    subtitle text = STRING_TOKEN(0x0002);
>000001D1: 02 87 02 00 00 00 00 
>000001D8: 29 02 
    grayoutif TRUE;
>000001DA: 19 82 
>000001DC: 46 02 
      text
>000001DE: 03 08 22 00 21 00 00 00 
          help = STRING_TOKEN(0x0021),
          text = STRING_TOKEN(0x0022);
      text
>000001E6: 03 08 23 00 21 00 00 00 
          help = STRING_TOKEN(0x0021),
          text = STRING_TOKEN(0x0023);
      text
>000001EE: 03 08 24 00 21 00 00 00 
          help = STRING_TOKEN(0x0021),
          text = STRING_TOKEN(0x0024);
      text
>000001F6: 03 08 25 00 21 00 00 00 
          help = STRING_TOKEN(0x0021),
          text = STRING_TOKEN(0x0025);
      subtitle text = STRING_TOKEN(0x0002);
>000001FE: 02 87 02 00 00 00 00 
>00000205: 29 02 
    endif;
>00000207: 29 02 
    oneof varid = OpalHiiConfig.EnableBlockSid,
>00000209: 05 91 19 00 30 00 04 80 01 00 09 00 14 10 00 06 00 
      questionid = 0x8004,
      prompt = STRING_TOKEN(0x0019),
      help = STRING_TOKEN(0x0030),
      flags = INTERACTIVE,
      option text = STRING_TOKEN(0x001C), value = 0, flags = DEFAULT | MANUFACTURING | RESET_REQUIRED;
>0000021A: 09 07 1C 00 30 00 00 
      option text = STRING_TOKEN(0x001A), value = 1, flags = RESET_REQUIRED;
>00000221: 09 07 1A 00 00 00 01 
      option text = STRING_TOKEN(0x001B), value = 2, flags = RESET_REQUIRED;
>00000228: 09 07 1B 00 00 00 02 
      option text = STRING_TOKEN(0x001D), value = 3, flags = RESET_REQUIRED;
>0000022F: 09 07 1D 00 00 00 03 
      option text = STRING_TOKEN(0x001E), value = 4, flags = RESET_REQUIRED;
>00000236: 09 07 1E 00 00 00 04 
      option text = STRING_TOKEN(0x001F), value = 5, flags = RESET_REQUIRED;
>0000023D: 09 07 1F 00 00 00 05 
      option text = STRING_TOKEN(0x0020), value = 6, flags = RESET_REQUIRED;
>00000244: 09 07 20 00 00 00 06 
    endoneof;
>0000024B: 29 02 
endform;
>0000024D: 29 02 
form formid = 0x02,
>0000024F: 01 86 02 00 04 00 
    title = STRING_TOKEN(0x0004);
    suppressif TRUE;
>00000255: 0A 82 
>00000257: 46 02 
        numeric
>00000259: 07 94 02 00 02 00 03 80 01 00 02 00 04 11 00 00 FF FF 00 00 
            name = SelectedDiskAvailableActions,
            varid = OpalHiiConfig.SelectedDiskAvailableActions,
            prompt = STRING_TOKEN(0x0002),
            help = STRING_TOKEN(0x0002),
            flags = INTERACTIVE,
            key = 0x8003,
            minimum = 0x0,
            maximum = 0xFFFF,
        endnumeric;
>0000026D: 29 02 
    endif;
>0000026F: 29 02 
    suppressif TRUE;
>00000271: 0A 82 
>00000273: 46 02 
        checkbox varid = OpalHiiConfig.KeepUserDataForced,
>00000275: 06 8E 02 00 02 00 01 00 01 00 06 00 00 00 
            prompt = STRING_TOKEN(0x0002),
            help = STRING_TOKEN(0x0002),
        endcheckbox;
>00000283: 29 02 
    endif;
>00000285: 29 02 
    subtitle text = STRING_TOKEN(0x0011);
>00000287: 02 87 11 00 00 00 00 
>0000028E: 29 02 
    subtitle text = STRING_TOKEN(0x0002);
>00000290: 02 87 02 00 00 00 00 
>00000297: 29 02 
    text
>00000299: 03 08 10 00 02 00 00 00 
        help = STRING_TOKEN(0x0002),
        text = STRING_TOKEN(0x0010);
    subtitle text = STRING_TOKEN(0x0002);
>000002A1: 02 87 02 00 00 00 00 
>000002A8: 29 02 
    subtitle text = STRING_TOKEN(0x0026);
>000002AA: 02 87 26 00 00 00 00 
>000002B1: 29 02 
    suppressif ( questionref(SelectedDiskAvailableActions) & 0x0004 ) == 0;
>000002B3: 0A 82 
>000002B5: 40 84 03 80 
>000002B9: 45 0A 04 00 00 00 00 00 00 00 
>000002C3: 35 02 
>000002C5: 45 0A 00 00 00 00 00 00 00 00 
>000002CF: 2F 02 
>000002D1: 29 02 
    grayoutif ideqval OpalHiiConfig.OpalRequest.Revert == 1;
>000002D3: 19 82 
>000002D5: 12 06 08 80 01 00 
    grayoutif ideqval OpalHiiConfig.OpalRequest.PsidRevert == 1;
>000002DB: 19 82 
>000002DD: 12 06 0A 80 01 00 
        checkbox varid = OpalHiiConfig.OpalRequest.SetAdminPwd,
>000002E3: 5F 92 8B D6 DD 82 63 91 87 41 9B 27 20 A8 FD 60 A7 1D 
>000002F5: 06 8E 12 00 27 00 05 80 01 00 3A 00 14 00 
            prompt = STRING_TOKEN(0x0012),
            help = STRING_TOKEN(0x0027),
            flags = INTERACTIVE | RESET_REQUIRED,
            key = 0x8005,
        endcheckbox;
>00000303: 29 02 
>00000305: 29 02 
    endif;
>00000307: 29 02 
    endif;
>00000309: 29 02 
    endif;
>0000030B: 29 02 
    suppressif ( questionref(SelectedDiskAvailableActions) & 0x0008 ) == 0;
>0000030D: 0A 82 
>0000030F: 40 84 03 80 
>00000313: 45 0A 08 00 00 00 00 00 00 00 
>0000031D: 35 02 
>0000031F: 45 0A 00 00 00 00 00 00 00 00 
>00000329: 2F 02 
>0000032B: 29 02 
    grayoutif ideqval OpalHiiConfig.OpalRequest.DisableUser == 1;
>0000032D: 19 82 
>0000032F: 12 06 0B 80 01 00 
    grayoutif ideqval OpalHiiConfig.OpalRequest.Revert == 1;
>00000335: 19 82 
>00000337: 12 06 08 80 01 00 
    grayoutif ideqval OpalHiiConfig.OpalRequest.PsidRevert == 1;
>0000033D: 19 82 
>0000033F: 12 06 0A 80 01 00 
        checkbox varid = OpalHiiConfig.OpalRequest.SetUserPwd,
>00000345: 5F 92 8B D6 DD 82 63 91 87 41 9B 27 20 A8 FD 60 A7 1D 
>00000357: 06 8E 13 00 28 00 06 80 01 00 3B 00 14 00 
            prompt = STRING_TOKEN(0x0013),
            help = STRING_TOKEN(0x0028),
            flags = INTERACTIVE | RESET_REQUIRED,
            key = 0x8006,
        endcheckbox;
>00000365: 29 02 
>00000367: 29 02 
    endif;
>00000369: 29 02 
    endif;
>0000036B: 29 02 
    endif;
>0000036D: 29 02 
    endif;
>0000036F: 29 02 
    suppressif ( questionref(SelectedDiskAvailableActions) & 0x0010 ) == 0;
>00000371: 0A 82 
>00000373: 40 84 03 80 
>00000377: 45 0A 10 00 00 00 00 00 00 00 
>00000381: 35 02 
>00000383: 45 0A 00 00 00 00 00 00 00 00 
>0000038D: 2F 02 
>0000038F: 29 02 
    grayoutif ideqval OpalHiiConfig.OpalRequest.Revert == 1;
>00000391: 19 82 
>00000393: 12 06 08 80 01 00 
    grayoutif ideqval OpalHiiConfig.OpalRequest.PsidRevert == 1;
>00000399: 19 82 
>0000039B: 12 06 0A 80 01 00 
        checkbox varid = OpalHiiConfig.OpalRequest.SecureErase,
>000003A1: 5F 92 8B D6 DD 82 63 91 87 41 9B 27 20 A8 FD 60 A7 1D 
>000003B3: 06 8E 14 00 29 00 07 80 01 00 3C 00 14 00 
            prompt = STRING_TOKEN(0x0014),
            help = STRING_TOKEN(0x0029),
            flags = INTERACTIVE | RESET_REQUIRED,
            key = 0x8007,
        endcheckbox;
>000003C1: 29 02 
>000003C3: 29 02 
    endif;
>000003C5: 29 02 
    endif;
>000003C7: 29 02 
    endif;
>000003C9: 29 02 
    suppressif ( questionref(SelectedDiskAvailableActions) & 0x0020 ) == 0;
>000003CB: 0A 82 
>000003CD: 40 84 03 80 
>000003D1: 45 0A 20 00 00 00 00 00 00 00 
>000003DB: 35 02 
>000003DD: 45 0A 00 00 00 00 00 00 00 00 
>000003E7: 2F 02 
>000003E9: 29 02 
    grayoutif ideqval OpalHiiConfig.OpalRequest.SetAdminPwd == 1;
>000003EB: 19 82 
>000003ED: 12 06 05 80 01 00 
    grayoutif ideqval OpalHiiConfig.OpalRequest.SetUserPwd == 1;
>000003F3: 19 82 
>000003F5: 12 06 06 80 01 00 
    grayoutif ideqval OpalHiiConfig.OpalRequest.SecureErase == 1;
>000003FB: 19 82 
>000003FD: 12 06 07 80 01 00 
    grayoutif ideqval OpalHiiConfig.OpalRequest.DisableUser == 1;
>00000403: 19 82 
>00000405: 12 06 0B 80 01 00 
    grayoutif ideqval OpalHiiConfig.OpalRequest.PsidRevert == 1;
>0000040B: 19 82 
>0000040D: 12 06 0A 80 01 00 
        checkbox varid = OpalHiiConfig.OpalRequest.Revert,
>00000413: 5F 92 8B D6 DD 82 63 91 87 41 9B 27 20 A8 FD 60 A7 1D 
>00000425: 06 8E 16 00 2A 00 08 80 01 00 3D 00 14 00 
            prompt = STRING_TOKEN(0x0016),
            help = STRING_TOKEN(0x002A),
            flags = INTERACTIVE | RESET_REQUIRED,
            key = 0x8008,
        endcheckbox;
>00000433: 29 02 
>00000435: 29 02 
    endif;
>00000437: 29 02 
    endif;
>00000439: 29 02 
    endif;
>0000043B: 29 02 
    endif;
>0000043D: 29 02 
    endif;
>0000043F: 29 02 
    endif;
>00000441: 29 02 
    suppressif ideqval OpalHiiConfig.OpalRequest.Revert == 0;
>00000443: 0A 82 
>00000445: 12 06 08 80 00 00 
        grayoutif ideqval OpalHiiConfig.KeepUserDataForced == 1;
>0000044B: 19 82 
>0000044D: 12 06 01 00 01 00 
            checkbox varid = OpalHiiConfig.OpalRequest.KeepUserData,
>00000453: 5F 92 8B D6 DD 82 63 91 87 41 9B 27 20 A8 FD 60 A7 1D 
>00000465: 06 8E 2E 00 2F 00 09 80 01 00 47 00 14 00 
                prompt = STRING_TOKEN(0x002E),
                help = STRING_TOKEN(0x002F),
                flags = INTERACTIVE | RESET_REQUIRED,
                key = 0x8009,
            endcheckbox;
>00000473: 29 02 
>00000475: 29 02 
        endif;
>00000477: 29 02 
    endif;
>00000479: 29 02 
    suppressif ( questionref(SelectedDiskAvailableActions) & 0x0040 ) == 0;
>0000047B: 0A 82 
>0000047D: 40 84 03 80 
>00000481: 45 0A 40 00 00 00 00 00 00 00 
>0000048B: 35 02 
>0000048D: 45 0A 00 00 00 00 00 00 00 00 
>00000497: 2F 02 
>00000499: 29 02 
    grayoutif ideqval OpalHiiConfig.OpalRequest.SetAdminPwd == 1;
>0000049B: 19 82 
>0000049D: 12 06 05 80 01 00 
    grayoutif ideqval OpalHiiConfig.OpalRequest.SetUserPwd == 1;
>000004A3: 19 82 
>000004A5: 12 06 06 80 01 00 
    grayoutif ideqval OpalHiiConfig.OpalRequest.SecureErase == 1;
>000004AB: 19 82 
>000004AD: 12 06 07 80 01 00 
    grayoutif ideqval OpalHiiConfig.OpalRequest.DisableUser == 1;
>000004B3: 19 82 
>000004B5: 12 06 0B 80 01 00 
    grayoutif ideqval OpalHiiConfig.OpalRequest.EnableFeature == 1;
>000004BB: 19 82 
>000004BD: 12 06 0C 80 01 00 
    grayoutif ideqval OpalHiiConfig.OpalRequest.Revert == 1;
>000004C3: 19 82 
>000004C5: 12 06 08 80 01 00 
        checkbox varid = OpalHiiConfig.OpalRequest.PsidRevert,
>000004CB: 5F 92 8B D6 DD 82 63 91 87 41 9B 27 20 A8 FD 60 A7 1D 
>000004DD: 06 8E 15 00 2B 00 0A 80 01 00 3E 00 14 00 
            prompt = STRING_TOKEN(0x0015),
            help = STRING_TOKEN(0x002B),
            flags = INTERACTIVE | RESET_REQUIRED,
            key = 0x800A,
         endcheckbox;
>000004EB: 29 02 
>000004ED: 29 02 
    endif;
>000004EF: 29 02 
    endif;
>000004F1: 29 02 
    endif;
>000004F3: 29 02 
    endif;
>000004F5: 29 02 
    endif;
>000004F7: 29 02 
    endif;
>000004F9: 29 02 
    endif;
>000004FB: 29 02 
    suppressif ( questionref(SelectedDiskAvailableActions) & 0x0080 ) == 0;
>000004FD: 0A 82 
>000004FF: 40 84 03 80 
>00000503: 45 0A 80 00 00 00 00 00 00 00 
>0000050D: 35 02 
>0000050F: 45 0A 00 00 00 00 00 00 00 00 
>00000519: 2F 02 
>0000051B: 29 02 
    grayoutif ideqval OpalHiiConfig.OpalRequest.SetUserPwd == 1;
>0000051D: 19 82 
>0000051F: 12 06 06 80 01 00 
    grayoutif ideqval OpalHiiConfig.OpalRequest.Revert == 1;
>00000525: 19 82 
>00000527: 12 06 08 80 01 00 
    grayoutif ideqval OpalHiiConfig.OpalRequest.PsidRevert == 1;
>0000052D: 19 82 
>0000052F: 12 06 0A 80 01 00 
        checkbox varid = OpalHiiConfig.OpalRequest.DisableUser,
>00000535: 5F 92 8B D6 DD 82 63 91 87 41 9B 27 20 A8 FD 60 A7 1D 
>00000547: 06 8E 17 00 2C 00 0B 80 01 00 3F 00 14 00 
            prompt = STRING_TOKEN(0x0017),
            help = STRING_TOKEN(0x002C),
            flags = INTERACTIVE | RESET_REQUIRED,
            key = 0x800B,
         endcheckbox;
>00000555: 29 02 
>00000557: 29 02 
    endif;
>00000559: 29 02 
    endif;
>0000055B: 29 02 
    endif;
>0000055D: 29 02 
    endif;
>0000055F: 29 02 
    suppressif ( questionref(SelectedDiskAvailableActions) & 0x0200 ) == 0;
>00000561: 0A 82 
>00000563: 40 84 03 80 
>00000567: 45 0A 00 02 00 00 00 00 00 00 
>00000571: 35 02 
>00000573: 45 0A 00 00 00 00 00 00 00 00 
>0000057D: 2F 02 
>0000057F: 29 02 
    grayoutif ideqval OpalHiiConfig.OpalRequest.PsidRevert == 1;
>00000581: 19 82 
>00000583: 12 06 0A 80 01 00 
        checkbox varid = OpalHiiConfig.OpalRequest.EnableFeature,
>00000589: 5F 92 8B D6 DD 82 63 91 87 41 9B 27 20 A8 FD 60 A7 1D 
>0000059B: 06 8E 18 00 2D 00 0C 80 01 00 41 00 14 00 
            prompt = STRING_TOKEN(0x0018),
            help = STRING_TOKEN(0x002D),
            flags = INTERACTIVE | RESET_REQUIRED,
            key = 0x800C,
        endcheckbox;
>000005A9: 29 02 
>000005AB: 29 02 
    endif;
>000005AD: 29 02 
    endif;
>000005AF: 29 02 
endform;
>000005CA: 29 02 
endformset;
>000005B1: 1E 82 
>000005B3: 46 02 
>000005B5: 07 91 00 00 00 00 02 00 01 00 00 00 00 10 00 FF 00 
>000005C6: 29 02 
>000005C8: 29 02 
>000005CC: 29 02 

//
// All Opcode Record List 
//
>00000000: 0E A7 CF 83 04 41 F9 F4 CE 4E 84 8A 19 58 FD 31 CE B7 04 00 03 00 01 71 99 03 93 45 85 04 4B B4 5E 32 EB 83 26 04 0E 
>00000027: 5C 06 00 00 00 00 
>0000002D: 5C 06 00 00 01 00 
>00000033: 24 24 D2 AC F1 BB D8 28 EA 44 A2 91 58 A2 37 FE DF 1A 01 00 0A 00 4F 70 61 6C 48 69 69 43 6F 6E 66 69 67 00 
>00000057: 01 86 01 00 04 00 
>0000005D: 0A 82 
>0000005F: 46 02 
>00000061: 07 94 02 00 02 00 02 80 01 00 04 00 04 11 00 00 FF FF 00 00 
>00000075: 29 02 
>00000077: 29 02 
>00000079: 02 87 06 00 00 00 00 
>00000080: 29 02 
>00000082: 02 87 02 00 00 00 00 
>00000089: 29 02 
>0000008B: 02 87 05 00 00 00 00 
>00000092: 29 02 
>00000094: 0A 82 
>00000096: 40 84 02 80 
>0000009A: 45 0A 01 00 00 00 00 00 00 00 
>000000A4: 35 02 
>000000A6: 45 0A 00 00 00 00 00 00 00 00 
>000000B0: 2F 02 
>000000B2: 29 02 
>000000B4: 0F 0F 07 00 0D 00 01 80 00 00 FF FF 04 02 00 
>000000C3: 29 02 
>000000C5: 0A 82 
>000000C7: 40 84 02 80 
>000000CB: 45 0A 02 00 00 00 00 00 00 00 
>000000D5: 35 02 
>000000D7: 45 0A 00 00 00 00 00 00 00 00 
>000000E1: 2F 02 
>000000E3: 29 02 
>000000E5: 0F 0F 08 00 0D 00 01 81 00 00 FF FF 04 02 00 
>000000F4: 29 02 
>000000F6: 0A 82 
>000000F8: 40 84 02 80 
>000000FC: 45 0A 04 00 00 00 00 00 00 00 
>00000106: 35 02 
>00000108: 45 0A 00 00 00 00 00 00 00 00 
>00000112: 2F 02 
>00000114: 29 02 
>00000116: 0F 0F 09 00 0D 00 01 82 00 00 FF FF 04 02 00 
>00000125: 29 02 
>00000127: 0A 82 
>00000129: 40 84 02 80 
>0000012D: 45 0A 08 00 00 00 00 00 00 00 
>00000137: 35 02 
>00000139: 45 0A 00 00 00 00 00 00 00 00 
>00000143: 2F 02 
>00000145: 29 02 
>00000147: 0F 0F 0A 00 0D 00 01 83 00 00 FF FF 04 02 00 
>00000156: 29 02 
>00000158: 0A 82 
>0000015A: 40 84 02 80 
>0000015E: 45 0A 10 00 00 00 00 00 00 00 
>00000168: 35 02 
>0000016A: 45 0A 00 00 00 00 00 00 00 00 
>00000174: 2F 02 
>00000176: 29 02 
>00000178: 0F 0F 0B 00 0D 00 01 84 00 00 FF FF 04 02 00 
>00000187: 29 02 
>00000189: 0A 82 
>0000018B: 40 84 02 80 
>0000018F: 45 0A 20 00 00 00 00 00 00 00 
>00000199: 35 02 
>0000019B: 45 0A 00 00 00 00 00 00 00 00 
>000001A5: 2F 02 
>000001A7: 29 02 
>000001A9: 0F 0F 0C 00 0D 00 01 85 00 00 FF FF 04 02 00 
>000001B8: 29 02 
>000001BA: 0A 82 
>000001BC: 40 84 02 00 
>000001C0: 42 03 00 
>000001C3: 31 02 
>000001C5: 29 02 
>000001C7: 03 08 0E 00 0F 00 00 00 
>000001CF: 29 02 
>000001D1: 02 87 02 00 00 00 00 
>000001D8: 29 02 
>000001DA: 19 82 
>000001DC: 46 02 
>000001DE: 03 08 22 00 21 00 00 00 
>000001E6: 03 08 23 00 21 00 00 00 
>000001EE: 03 08 24 00 21 00 00 00 
>000001F6: 03 08 25 00 21 00 00 00 
>000001FE: 02 87 02 00 00 00 00 
>00000205: 29 02 
>00000207: 29 02 
>00000209: 05 91 19 00 30 00 04 80 01 00 09 00 14 10 00 06 00 
>0000021A: 09 07 1C 00 30 00 00 
>00000221: 09 07 1A 00 00 00 01 
>00000228: 09 07 1B 00 00 00 02 
>0000022F: 09 07 1D 00 00 00 03 
>00000236: 09 07 1E 00 00 00 04 
>0000023D: 09 07 1F 00 00 00 05 
>00000244: 09 07 20 00 00 00 06 
>0000024B: 29 02 
>0000024D: 29 02 
>0000024F: 01 86 02 00 04 00 
>00000255: 0A 82 
>00000257: 46 02 
>00000259: 07 94 02 00 02 00 03 80 01 00 02 00 04 11 00 00 FF FF 00 00 
>0000026D: 29 02 
>0000026F: 29 02 
>00000271: 0A 82 
>00000273: 46 02 
>00000275: 06 8E 02 00 02 00 01 00 01 00 06 00 00 00 
>00000283: 29 02 
>00000285: 29 02 
>00000287: 02 87 11 00 00 00 00 
>0000028E: 29 02 
>00000290: 02 87 02 00 00 00 00 
>00000297: 29 02 
>00000299: 03 08 10 00 02 00 00 00 
>000002A1: 02 87 02 00 00 00 00 
>000002A8: 29 02 
>000002AA: 02 87 26 00 00 00 00 
>000002B1: 29 02 
>000002B3: 0A 82 
>000002B5: 40 84 03 80 
>000002B9: 45 0A 04 00 00 00 00 00 00 00 
>000002C3: 35 02 
>000002C5: 45 0A 00 00 00 00 00 00 00 00 
>000002CF: 2F 02 
>000002D1: 29 02 
>000002D3: 19 82 
>000002D5: 12 06 08 80 01 00 
>000002DB: 19 82 
>000002DD: 12 06 0A 80 01 00 
>000002E3: 5F 92 8B D6 DD 82 63 91 87 41 9B 27 20 A8 FD 60 A7 1D 
>000002F5: 06 8E 12 00 27 00 05 80 01 00 3A 00 14 00 
>00000303: 29 02 
>00000305: 29 02 
>00000307: 29 02 
>00000309: 29 02 
>0000030B: 29 02 
>0000030D: 0A 82 
>0000030F: 40 84 03 80 
>00000313: 45 0A 08 00 00 00 00 00 00 00 
>0000031D: 35 02 
>0000031F: 45 0A 00 00 00 00 00 00 00 00 
>00000329: 2F 02 
>0000032B: 29 02 
>0000032D: 19 82 
>0000032F: 12 06 0B 80 01 00 
>00000335: 19 82 
>00000337: 12 06 08 80 01 00 
>0000033D: 19 82 
>0000033F: 12 06 0A 80 01 00 
>00000345: 5F 92 8B D6 DD 82 63 91 87 41 9B 27 20 A8 FD 60 A7 1D 
>00000357: 06 8E 13 00 28 00 06 80 01 00 3B 00 14 00 
>00000365: 29 02 
>00000367: 29 02 
>00000369: 29 02 
>0000036B: 29 02 
>0000036D: 29 02 
>0000036F: 29 02 
>00000371: 0A 82 
>00000373: 40 84 03 80 
>00000377: 45 0A 10 00 00 00 00 00 00 00 
>00000381: 35 02 
>00000383: 45 0A 00 00 00 00 00 00 00 00 
>0000038D: 2F 02 
>0000038F: 29 02 
>00000391: 19 82 
>00000393: 12 06 08 80 01 00 
>00000399: 19 82 
>0000039B: 12 06 0A 80 01 00 
>000003A1: 5F 92 8B D6 DD 82 63 91 87 41 9B 27 20 A8 FD 60 A7 1D 
>000003B3: 06 8E 14 00 29 00 07 80 01 00 3C 00 14 00 
>000003C1: 29 02 
>000003C3: 29 02 
>000003C5: 29 02 
>000003C7: 29 02 
>000003C9: 29 02 
>000003CB: 0A 82 
>000003CD: 40 84 03 80 
>000003D1: 45 0A 20 00 00 00 00 00 00 00 
>000003DB: 35 02 
>000003DD: 45 0A 00 00 00 00 00 00 00 00 
>000003E7: 2F 02 
>000003E9: 29 02 
>000003EB: 19 82 
>000003ED: 12 06 05 80 01 00 
>000003F3: 19 82 
>000003F5: 12 06 06 80 01 00 
>000003FB: 19 82 
>000003FD: 12 06 07 80 01 00 
>00000403: 19 82 
>00000405: 12 06 0B 80 01 00 
>0000040B: 19 82 
>0000040D: 12 06 0A 80 01 00 
>00000413: 5F 92 8B D6 DD 82 63 91 87 41 9B 27 20 A8 FD 60 A7 1D 
>00000425: 06 8E 16 00 2A 00 08 80 01 00 3D 00 14 00 
>00000433: 29 02 
>00000435: 29 02 
>00000437: 29 02 
>00000439: 29 02 
>0000043B: 29 02 
>0000043D: 29 02 
>0000043F: 29 02 
>00000441: 29 02 
>00000443: 0A 82 
>00000445: 12 06 08 80 00 00 
>0000044B: 19 82 
>0000044D: 12 06 01 00 01 00 
>00000453: 5F 92 8B D6 DD 82 63 91 87 41 9B 27 20 A8 FD 60 A7 1D 
>00000465: 06 8E 2E 00 2F 00 09 80 01 00 47 00 14 00 
>00000473: 29 02 
>00000475: 29 02 
>00000477: 29 02 
>00000479: 29 02 
>0000047B: 0A 82 
>0000047D: 40 84 03 80 
>00000481: 45 0A 40 00 00 00 00 00 00 00 
>0000048B: 35 02 
>0000048D: 45 0A 00 00 00 00 00 00 00 00 
>00000497: 2F 02 
>00000499: 29 02 
>0000049B: 19 82 
>0000049D: 12 06 05 80 01 00 
>000004A3: 19 82 
>000004A5: 12 06 06 80 01 00 
>000004AB: 19 82 
>000004AD: 12 06 07 80 01 00 
>000004B3: 19 82 
>000004B5: 12 06 0B 80 01 00 
>000004BB: 19 82 
>000004BD: 12 06 0C 80 01 00 
>000004C3: 19 82 
>000004C5: 12 06 08 80 01 00 
>000004CB: 5F 92 8B D6 DD 82 63 91 87 41 9B 27 20 A8 FD 60 A7 1D 
>000004DD: 06 8E 15 00 2B 00 0A 80 01 00 3E 00 14 00 
>000004EB: 29 02 
>000004ED: 29 02 
>000004EF: 29 02 
>000004F1: 29 02 
>000004F3: 29 02 
>000004F5: 29 02 
>000004F7: 29 02 
>000004F9: 29 02 
>000004FB: 29 02 
>000004FD: 0A 82 
>000004FF: 40 84 03 80 
>00000503: 45 0A 80 00 00 00 00 00 00 00 
>0000050D: 35 02 
>0000050F: 45 0A 00 00 00 00 00 00 00 00 
>00000519: 2F 02 
>0000051B: 29 02 
>0000051D: 19 82 
>0000051F: 12 06 06 80 01 00 
>00000525: 19 82 
>00000527: 12 06 08 80 01 00 
>0000052D: 19 82 
>0000052F: 12 06 0A 80 01 00 
>00000535: 5F 92 8B D6 DD 82 63 91 87 41 9B 27 20 A8 FD 60 A7 1D 
>00000547: 06 8E 17 00 2C 00 0B 80 01 00 3F 00 14 00 
>00000555: 29 02 
>00000557: 29 02 
>00000559: 29 02 
>0000055B: 29 02 
>0000055D: 29 02 
>0000055F: 29 02 
>00000561: 0A 82 
>00000563: 40 84 03 80 
>00000567: 45 0A 00 02 00 00 00 00 00 00 
>00000571: 35 02 
>00000573: 45 0A 00 00 00 00 00 00 00 00 
>0000057D: 2F 02 
>0000057F: 29 02 
>00000581: 19 82 
>00000583: 12 06 0A 80 01 00 
>00000589: 5F 92 8B D6 DD 82 63 91 87 41 9B 27 20 A8 FD 60 A7 1D 
>0000059B: 06 8E 18 00 2D 00 0C 80 01 00 41 00 14 00 
>000005A9: 29 02 
>000005AB: 29 02 
>000005AD: 29 02 
>000005AF: 29 02 
>000005B1: 1E 82 
>000005B3: 46 02 
>000005B5: 07 91 00 00 00 00 02 00 01 00 00 00 00 10 00 FF 00 
>000005C6: 29 02 
>000005C8: 29 02 
>000005CA: 29 02 
>000005CC: 29 02 

Total Size of all record is 0x000005CE


***************************************************************
		mPackAlign = 1
		struct OPAL_HII_CONFIGURATION : mAlign [1] mTotalSize [0xa]

		struct OPAL_HII_CONFIGURATION {
			+00000000[00000000] NumDisks <UINT8>
			+00000001[00000001] SelectedDiskIndex <UINT8>
			+00000002[00000002] SelectedDiskAvailableActions <UINT16>
			+00000004[00000004] SupportedDisks <UINT16>
			+00000006[00000006] KeepUserDataForced <BOOLEAN>
			+00000007[00000007] OpalRequest <OPAL_REQUEST>
			+00000009[00000009] EnableBlockSid <UINT8>
		};
---------------------------------------------------------------
		struct OPAL_REQUEST : mAlign [1] mTotalSize [0x2]

		struct OPAL_REQUEST {
			+00000000[00000000] Lock <UINT16>
			+00000000[00000000] Unlock <UINT16>
			+00000000[00000000] SetAdminPwd <UINT16>
			+00000000[00000000] SetUserPwd <UINT16>
			+00000000[00000000] SecureErase <UINT16>
			+00000000[00000000] Revert <UINT16>
			+00000000[00000000] PsidRevert <UINT16>
			+00000000[00000000] DisableUser <UINT16>
			+00000000[00000000] DisableFeature <UINT16>
			+00000000[00000000] EnableFeature <UINT16>
			+00000000[00000000] Reserved <UINT16>
			+00000000[00000000] KeepUserData <UINT16>
		};
---------------------------------------------------------------
		struct EFI_HII_REF : mAlign [16] mTotalSize [0x16]

		struct EFI_HII_REF {
			+00000000[00000000] QuestionId <UINT16>
			+00000002[00000002] FormId <UINT16>
			+00000004[00000004] FormSetGuid <(null)>
			+00000020[00000014] DevicePath <EFI_STRING_ID>
		};
---------------------------------------------------------------
		struct EFI_HII_TIME : mAlign [1] mTotalSize [0x3]

		struct EFI_HII_TIME {
			+00000000[00000000] Hours <UINT8>
			+00000001[00000001] Minutes <UINT8>
			+00000002[00000002] Seconds <UINT8>
		};
---------------------------------------------------------------
		struct EFI_STRING_ID : mAlign [2] mTotalSize [0x2]

		struct EFI_STRING_ID {
		};
---------------------------------------------------------------
		struct EFI_HII_DATE : mAlign [2] mTotalSize [0x4]

		struct EFI_HII_DATE {
			+00000000[00000000] Year <UINT16>
			+00000002[00000002] Month <UINT8>
			+00000003[00000003] Day <UINT8>
		};
---------------------------------------------------------------
		struct BOOLEAN : mAlign [1] mTotalSize [0x1]

		struct BOOLEAN {
		};
---------------------------------------------------------------
		struct UINT8 : mAlign [1] mTotalSize [0x1]

		struct UINT8 {
		};
---------------------------------------------------------------
		struct UINT16 : mAlign [2] mTotalSize [0x2]

		struct UINT16 {
		};
---------------------------------------------------------------
		struct UINT32 : mAlign [4] mTotalSize [0x4]

		struct UINT32 {
		};
---------------------------------------------------------------
		struct UINT64 : mAlign [8] mTotalSize [0x8]

		struct UINT64 {
		};
---------------------------------------------------------------
***************************************************************
