/home/xephyr/Documents/edk2/Build/Arm/RELEASE_GCC5/ARM/ArmPkg/Universal/Smbios/ProcessorSubClassDxe/ProcessorSubClassDxe/OUTPUT/ProcessorSubClass.lib
/home/xephyr/Documents/edk2/Build/Arm/RELEASE_GCC5/ARM/ArmPkg/Library/CompilerIntrinsicsLib/CompilerIntrinsicsLib/OUTPUT/CompilerIntrinsicsLib.lib
/home/xephyr/Documents/edk2/Build/Arm/RELEASE_GCC5/ARM/MdePkg/Library/BaseStackCheckLib/BaseStackCheckLib/OUTPUT/BaseStackCheckLib.lib
/home/xephyr/Documents/edk2/Build/Arm/RELEASE_GCC5/ARM/MdePkg/Library/BasePcdLibNull/BasePcdLibNull/OUTPUT/BasePcdLibNull.lib
/home/xephyr/Documents/edk2/Build/Arm/RELEASE_GCC5/ARM/MdePkg/Library/BaseDebugLibNull/BaseDebugLibNull/OUTPUT/BaseDebugLibNull.lib
/home/xephyr/Documents/edk2/Build/Arm/RELEASE_GCC5/ARM/MdePkg/Library/BaseMemoryLib/BaseMemoryLib/OUTPUT/BaseMemoryLib.lib
/home/xephyr/Documents/edk2/Build/Arm/RELEASE_GCC5/ARM/MdePkg/Library/BaseLib/BaseLib/OUTPUT/BaseLib.lib
/home/xephyr/Documents/edk2/Build/Arm/RELEASE_GCC5/ARM/MdePkg/Library/UefiBootServicesTableLib/UefiBootServicesTableLib/OUTPUT/UefiBootServicesTableLib.lib
/home/xephyr/Documents/edk2/Build/Arm/RELEASE_GCC5/ARM/MdePkg/Library/BasePrintLib/BasePrintLib/OUTPUT/BasePrintLib.lib
/home/xephyr/Documents/edk2/Build/Arm/RELEASE_GCC5/ARM/MdePkg/Library/UefiMemoryAllocationLib/UefiMemoryAllocationLib/OUTPUT/UefiMemoryAllocationLib.lib
/home/xephyr/Documents/edk2/Build/Arm/RELEASE_GCC5/ARM/MdePkg/Library/UefiRuntimeServicesTableLib/UefiRuntimeServicesTableLib/OUTPUT/UefiRuntimeServicesTableLib.lib
/home/xephyr/Documents/edk2/Build/Arm/RELEASE_GCC5/ARM/MdePkg/Library/UefiDevicePathLib/UefiDevicePathLib/OUTPUT/UefiDevicePathLib.lib
/home/xephyr/Documents/edk2/Build/Arm/RELEASE_GCC5/ARM/MdeModulePkg/Library/UefiHiiServicesLib/UefiHiiServicesLib/OUTPUT/UefiHiiServicesLib.lib
/home/xephyr/Documents/edk2/Build/Arm/RELEASE_GCC5/ARM/MdePkg/Library/UefiLib/UefiLib/OUTPUT/UefiLib.lib
/home/xephyr/Documents/edk2/Build/Arm/RELEASE_GCC5/ARM/MdePkg/Library/RegisterFilterLibNull/RegisterFilterLibNull/OUTPUT/FilterLibNull.lib
/home/xephyr/Documents/edk2/Build/Arm/RELEASE_GCC5/ARM/ArmPkg/Library/ArmLib/ArmBaseLib/OUTPUT/ArmBaseLib.lib
/home/xephyr/Documents/edk2/Build/Arm/RELEASE_GCC5/ARM/ArmPkg/Library/ArmSmcLib/ArmSmcLib/OUTPUT/ArmSmcLib.lib
/home/xephyr/Documents/edk2/Build/Arm/RELEASE_GCC5/ARM/MdeModulePkg/Library/UefiHiiLib/UefiHiiLib/OUTPUT/UefiHiiLib.lib
/home/xephyr/Documents/edk2/Build/Arm/RELEASE_GCC5/ARM/MdePkg/Library/BaseIoLibIntrinsic/BaseIoLibIntrinsic/OUTPUT/BaseIoLibIntrinsic.lib
/home/xephyr/Documents/edk2/Build/Arm/RELEASE_GCC5/ARM/ArmPkg/Universal/Smbios/OemMiscLibNull/OemMiscLibNull/OUTPUT/OemMiscLibNull.lib
/home/xephyr/Documents/edk2/Build/Arm/RELEASE_GCC5/ARM/MdePkg/Library/UefiDriverEntryPoint/UefiDriverEntryPoint/OUTPUT/UefiDriverEntryPoint.lib