/home/xephyr/Documents/edk2/Build/SecurityPkg/RELEASE_GCC5/X64/SecurityPkg/Tcg/Tcg2Dxe/Tcg2Dxe/OUTPUT/Tcg2Dxe.lib
/home/xephyr/Documents/edk2/Build/SecurityPkg/RELEASE_GCC5/X64/MdePkg/Library/RegisterFilterLibNull/RegisterFilterLibNull/OUTPUT/FilterLibNull.lib
/home/xephyr/Documents/edk2/Build/SecurityPkg/RELEASE_GCC5/X64/MdePkg/Library/DxePcdLib/DxePcdLib/OUTPUT/DxePcdLib.lib
/home/xephyr/Documents/edk2/Build/SecurityPkg/RELEASE_GCC5/X64/MdePkg/Library/BaseDebugLibNull/BaseDebugLibNull/OUTPUT/BaseDebugLibNull.lib
/home/xephyr/Documents/edk2/Build/SecurityPkg/RELEASE_GCC5/X64/MdePkg/Library/BaseMemoryLib/BaseMemoryLib/OUTPUT/BaseMemoryLib.lib
/home/xephyr/Documents/edk2/Build/SecurityPkg/RELEASE_GCC5/X64/MdePkg/Library/BaseLib/BaseLib/OUTPUT/BaseLib.lib
/home/xephyr/Documents/edk2/Build/SecurityPkg/RELEASE_GCC5/X64/MdePkg/Library/UefiBootServicesTableLib/UefiBootServicesTableLib/OUTPUT/UefiBootServicesTableLib.lib
/home/xephyr/Documents/edk2/Build/SecurityPkg/RELEASE_GCC5/X64/MdePkg/Library/BasePrintLib/BasePrintLib/OUTPUT/BasePrintLib.lib
/home/xephyr/Documents/edk2/Build/SecurityPkg/RELEASE_GCC5/X64/MdePkg/Library/UefiMemoryAllocationLib/UefiMemoryAllocationLib/OUTPUT/UefiMemoryAllocationLib.lib
/home/xephyr/Documents/edk2/Build/SecurityPkg/RELEASE_GCC5/X64/MdePkg/Library/UefiDevicePathLib/UefiDevicePathLib/OUTPUT/UefiDevicePathLib.lib
/home/xephyr/Documents/edk2/Build/SecurityPkg/RELEASE_GCC5/X64/MdePkg/Library/UefiRuntimeServicesTableLib/UefiRuntimeServicesTableLib/OUTPUT/UefiRuntimeServicesTableLib.lib
/home/xephyr/Documents/edk2/Build/SecurityPkg/RELEASE_GCC5/X64/SecurityPkg/Library/Tpm2DeviceLibRouter/Tpm2DeviceLibRouterDxe/OUTPUT/Tpm2DeviceLibRouterDxe.lib
/home/xephyr/Documents/edk2/Build/SecurityPkg/RELEASE_GCC5/X64/MdeModulePkg/Library/UefiHiiServicesLib/UefiHiiServicesLib/OUTPUT/UefiHiiServicesLib.lib
/home/xephyr/Documents/edk2/Build/SecurityPkg/RELEASE_GCC5/X64/MdePkg/Library/UefiLib/UefiLib/OUTPUT/UefiLib.lib
/home/xephyr/Documents/edk2/Build/SecurityPkg/RELEASE_GCC5/X64/SecurityPkg/Library/Tpm2CommandLib/Tpm2CommandLib/OUTPUT/Tpm2CommandLib.lib
/home/xephyr/Documents/edk2/Build/SecurityPkg/RELEASE_GCC5/X64/SecurityPkg/Library/Tcg2PpVendorLibNull/Tcg2PpVendorLibNull/OUTPUT/Tcg2PpVendorLibNull.lib
/home/xephyr/Documents/edk2/Build/SecurityPkg/RELEASE_GCC5/X64/MdeModulePkg/Library/UefiHiiLib/UefiHiiLib/OUTPUT/UefiHiiLib.lib
/home/xephyr/Documents/edk2/Build/SecurityPkg/RELEASE_GCC5/X64/MdePkg/Library/UefiDriverEntryPoint/UefiDriverEntryPoint/OUTPUT/UefiDriverEntryPoint.lib
/home/xephyr/Documents/edk2/Build/SecurityPkg/RELEASE_GCC5/X64/MdePkg/Library/DxeHobLib/DxeHobLib/OUTPUT/DxeHobLib.lib
/home/xephyr/Documents/edk2/Build/SecurityPkg/RELEASE_GCC5/X64/MdePkg/Library/BasePeCoffExtraActionLibNull/BasePeCoffExtraActionLibNull/OUTPUT/PeCoffExtraActionLibNull.lib
/home/xephyr/Documents/edk2/Build/SecurityPkg/RELEASE_GCC5/X64/MdePkg/Library/BaseTimerLibNullTemplate/BaseTimerLibNullTemplate/OUTPUT/BaseTimerLibNullTemplate.lib
/home/xephyr/Documents/edk2/Build/SecurityPkg/RELEASE_GCC5/X64/MdePkg/Library/BaseIoLibIntrinsic/BaseIoLibIntrinsic/OUTPUT/BaseIoLibIntrinsic.lib
/home/xephyr/Documents/edk2/Build/SecurityPkg/RELEASE_GCC5/X64/CryptoPkg/Library/BaseCryptLibNull/BaseCryptLibNull/OUTPUT/BaseCryptLibNull.lib
/home/xephyr/Documents/edk2/Build/SecurityPkg/RELEASE_GCC5/X64/SecurityPkg/Library/HashLibBaseCryptoRouter/HashLibBaseCryptoRouterDxe/OUTPUT/HashLibBaseCryptoRouterDxe.lib
/home/xephyr/Documents/edk2/Build/SecurityPkg/RELEASE_GCC5/X64/MdePkg/Library/BasePerformanceLibNull/BasePerformanceLibNull/OUTPUT/BasePerformanceLibNull.lib
/home/xephyr/Documents/edk2/Build/SecurityPkg/RELEASE_GCC5/X64/MdeModulePkg/Library/DxeReportStatusCodeLib/DxeReportStatusCodeLib/OUTPUT/DxeReportStatusCodeLib.lib
/home/xephyr/Documents/edk2/Build/SecurityPkg/RELEASE_GCC5/X64/SecurityPkg/Library/DxeTcg2PhysicalPresenceLib/DxeTcg2PhysicalPresenceLib/OUTPUT/DxeTcg2PhysicalPresenceLib.lib
/home/xephyr/Documents/edk2/Build/SecurityPkg/RELEASE_GCC5/X64/MdePkg/Library/BasePeCoffLib/BasePeCoffLib/OUTPUT/BasePeCoffLib.lib
/home/xephyr/Documents/edk2/Build/SecurityPkg/RELEASE_GCC5/X64/SecurityPkg/Library/Tpm2DeviceLibDTpm/Tpm2InstanceLibDTpm/OUTPUT/Tpm2InstanceLibDTpm.lib
/home/xephyr/Documents/edk2/Build/SecurityPkg/RELEASE_GCC5/X64/SecurityPkg/Library/HashInstanceLibSha1/HashInstanceLibSha1/OUTPUT/HashInstanceLibSha1.lib
/home/xephyr/Documents/edk2/Build/SecurityPkg/RELEASE_GCC5/X64/SecurityPkg/Library/HashInstanceLibSha256/HashInstanceLibSha256/OUTPUT/HashInstanceLibSha256.lib
/home/xephyr/Documents/edk2/Build/SecurityPkg/RELEASE_GCC5/X64/SecurityPkg/Library/HashInstanceLibSha384/HashInstanceLibSha384/OUTPUT/HashInstanceLibSha384.lib
/home/xephyr/Documents/edk2/Build/SecurityPkg/RELEASE_GCC5/X64/SecurityPkg/Library/HashInstanceLibSha512/HashInstanceLibSha512/OUTPUT/HashInstanceLibSha512.lib
/home/xephyr/Documents/edk2/Build/SecurityPkg/RELEASE_GCC5/X64/SecurityPkg/Library/HashInstanceLibSm3/HashInstanceLibSm3/OUTPUT/HashInstanceLibSm3.lib