/home/xephyr/Documents/edk2/Build/ArmPlatform/RELEASE_GCC5/ARM/ArmPlatformPkg/PrePi/PeiMPCore/OUTPUT/ArmPlatformPrePiMPCore.lib
/home/xephyr/Documents/edk2/Build/ArmPlatform/RELEASE_GCC5/ARM/ArmPkg/Library/ArmGicArchSecLib/ArmGicArchSecLib/OUTPUT/ArmGicArchSecLib.lib
/home/xephyr/Documents/edk2/Build/ArmPlatform/RELEASE_GCC5/ARM/MdePkg/Library/RegisterFilterLibNull/RegisterFilterLibNull/OUTPUT/FilterLibNull.lib
/home/xephyr/Documents/edk2/Build/ArmPlatform/RELEASE_GCC5/ARM/MdePkg/Library/BasePcdLibNull/BasePcdLibNull/OUTPUT/BasePcdLibNull.lib
/home/xephyr/Documents/edk2/Build/ArmPlatform/RELEASE_GCC5/ARM/MdePkg/Library/BaseMemoryLib/BaseMemoryLib/OUTPUT/BaseMemoryLib.lib
/home/xephyr/Documents/edk2/Build/ArmPlatform/RELEASE_GCC5/ARM/MdePkg/Library/BaseIoLibIntrinsic/BaseIoLibIntrinsic/OUTPUT/BaseIoLibIntrinsic.lib
/home/xephyr/Documents/edk2/Build/ArmPlatform/RELEASE_GCC5/ARM/ArmPkg/Drivers/ArmGic/ArmGicLib/OUTPUT/ArmGicLib.lib
/home/xephyr/Documents/edk2/Build/ArmPlatform/RELEASE_GCC5/ARM/ArmPkg/Library/ArmLib/ArmBaseLib/OUTPUT/ArmBaseLib.lib
/home/xephyr/Documents/edk2/Build/ArmPlatform/RELEASE_GCC5/ARM/MdePkg/Library/BaseDebugLibNull/BaseDebugLibNull/OUTPUT/BaseDebugLibNull.lib
/home/xephyr/Documents/edk2/Build/ArmPlatform/RELEASE_GCC5/ARM/MdePkg/Library/BaseLib/BaseLib/OUTPUT/BaseLib.lib
/home/xephyr/Documents/edk2/Build/ArmPlatform/RELEASE_GCC5/ARM/ArmPkg/Library/CompilerIntrinsicsLib/CompilerIntrinsicsLib/OUTPUT/CompilerIntrinsicsLib.lib
/home/xephyr/Documents/edk2/Build/ArmPlatform/RELEASE_GCC5/ARM/MdePkg/Library/BaseStackCheckLib/BaseStackCheckLib/OUTPUT/BaseStackCheckLib.lib
/home/xephyr/Documents/edk2/Build/ArmPlatform/RELEASE_GCC5/ARM/MdePkg/Library/BasePeCoffExtraActionLibNull/BasePeCoffExtraActionLibNull/OUTPUT/PeCoffExtraActionLibNull.lib
/home/xephyr/Documents/edk2/Build/ArmPlatform/RELEASE_GCC5/ARM/ArmPlatformPkg/Library/PrePiHobListPointerLib/PrePiHobListPointerLib/OUTPUT/PrePiHobListPointerLib.lib
/home/xephyr/Documents/edk2/Build/ArmPlatform/RELEASE_GCC5/ARM/MdePkg/Library/BasePerformanceLibNull/BasePerformanceLibNull/OUTPUT/BasePerformanceLibNull.lib
/home/xephyr/Documents/edk2/Build/ArmPlatform/RELEASE_GCC5/ARM/MdePkg/Library/BasePrintLib/BasePrintLib/OUTPUT/BasePrintLib.lib
/home/xephyr/Documents/edk2/Build/ArmPlatform/RELEASE_GCC5/ARM/MdePkg/Library/BasePeCoffLib/BasePeCoffLib/OUTPUT/BasePeCoffLib.lib
/home/xephyr/Documents/edk2/Build/ArmPlatform/RELEASE_GCC5/ARM/MdePkg/Library/BaseUefiDecompressLib/BaseUefiDecompressLib/OUTPUT/BaseUefiDecompressLib.lib
/home/xephyr/Documents/edk2/Build/ArmPlatform/RELEASE_GCC5/ARM/EmbeddedPkg/Library/PrePiHobLib/PrePiHobLib/OUTPUT/PrePiHobLib.lib
/home/xephyr/Documents/edk2/Build/ArmPlatform/RELEASE_GCC5/ARM/EmbeddedPkg/Library/PrePiExtractGuidedSectionLib/PrePiExtractGuidedSectionLib/OUTPUT/PrePiExtractGuidedSectionLib.lib
/home/xephyr/Documents/edk2/Build/ArmPlatform/RELEASE_GCC5/ARM/MdePkg/Library/BaseSerialPortLibNull/BaseSerialPortLibNull/OUTPUT/BaseSerialPortLibNull.lib
/home/xephyr/Documents/edk2/Build/ArmPlatform/RELEASE_GCC5/ARM/MdePkg/Library/BaseTimerLibNullTemplate/BaseTimerLibNullTemplate/OUTPUT/BaseTimerLibNullTemplate.lib
/home/xephyr/Documents/edk2/Build/ArmPlatform/RELEASE_GCC5/ARM/ArmPkg/Library/ArmCacheMaintenanceLib/ArmCacheMaintenanceLib/OUTPUT/ArmCacheMaintenanceLib.lib
/home/xephyr/Documents/edk2/Build/ArmPlatform/RELEASE_GCC5/ARM/EmbeddedPkg/Library/PrePiLib/PrePiLib/OUTPUT/PrePiLib.lib
/home/xephyr/Documents/edk2/Build/ArmPlatform/RELEASE_GCC5/ARM/EmbeddedPkg/Library/PrePiMemoryAllocationLib/PrePiMemoryAllocationLib/OUTPUT/PrePiMemoryAllocationLib.lib
/home/xephyr/Documents/edk2/Build/ArmPlatform/RELEASE_GCC5/ARM/ArmPlatformPkg/Library/ArmPlatformLibNull/ArmPlatformLibNull/OUTPUT/ArmPlatformLibNull.lib
/home/xephyr/Documents/edk2/Build/ArmPlatform/RELEASE_GCC5/ARM/ArmPkg/Library/ArmMmuLib/ArmMmuBaseLib/OUTPUT/ArmMmuBaseLib.lib
/home/xephyr/Documents/edk2/Build/ArmPlatform/RELEASE_GCC5/ARM/MdeModulePkg/Library/DebugAgentLibNull/DebugAgentLibNull/OUTPUT/DebugAgentLibNull.lib
/home/xephyr/Documents/edk2/Build/ArmPlatform/RELEASE_GCC5/ARM/MdeModulePkg/Library/LzmaCustomDecompressLib/LzmaCustomDecompressLib/OUTPUT/LzmaDecompressLib.lib
/home/xephyr/Documents/edk2/Build/ArmPlatform/RELEASE_GCC5/ARM/ArmPlatformPkg/Library/ArmPlatformStackLib/ArmPlatformStackLib/OUTPUT/ArmPlatformStackLib.lib
/home/xephyr/Documents/edk2/Build/ArmPlatform/RELEASE_GCC5/ARM/ArmPlatformPkg/PlatformPei/PlatformPeiLib/OUTPUT/ArmPlatformPeiLib.lib
/home/xephyr/Documents/edk2/Build/ArmPlatform/RELEASE_GCC5/ARM/ArmPlatformPkg/MemoryInitPei/MemoryInitPeiLib/OUTPUT/ArmMemoryInitPeiLib.lib