/home/xephyr/Documents/edk2/Build/SecurityPkg/RELEASE_GCC5/X64/SecurityPkg/Tcg/Tcg2Acpi/Tcg2Acpi/OUTPUT/Tcg2Acpi.lib
/home/xephyr/Documents/edk2/Build/SecurityPkg/RELEASE_GCC5/X64/MdePkg/Library/RegisterFilterLibNull/RegisterFilterLibNull/OUTPUT/FilterLibNull.lib
/home/xephyr/Documents/edk2/Build/SecurityPkg/RELEASE_GCC5/X64/MdePkg/Library/BasePcdLibNull/BasePcdLibNull/OUTPUT/BasePcdLibNull.lib
/home/xephyr/Documents/edk2/Build/SecurityPkg/RELEASE_GCC5/X64/MdePkg/Library/BaseDebugLibNull/BaseDebugLibNull/OUTPUT/BaseDebugLibNull.lib
/home/xephyr/Documents/edk2/Build/SecurityPkg/RELEASE_GCC5/X64/MdePkg/Library/BaseMemoryLib/BaseMemoryLib/OUTPUT/BaseMemoryLib.lib
/home/xephyr/Documents/edk2/Build/SecurityPkg/RELEASE_GCC5/X64/MdePkg/Library/BaseLib/BaseLib/OUTPUT/BaseLib.lib
/home/xephyr/Documents/edk2/Build/SecurityPkg/RELEASE_GCC5/X64/MdePkg/Library/UefiBootServicesTableLib/UefiBootServicesTableLib/OUTPUT/UefiBootServicesTableLib.lib
/home/xephyr/Documents/edk2/Build/SecurityPkg/RELEASE_GCC5/X64/MdePkg/Library/BasePrintLib/BasePrintLib/OUTPUT/BasePrintLib.lib
/home/xephyr/Documents/edk2/Build/SecurityPkg/RELEASE_GCC5/X64/MdePkg/Library/UefiMemoryAllocationLib/UefiMemoryAllocationLib/OUTPUT/UefiMemoryAllocationLib.lib
/home/xephyr/Documents/edk2/Build/SecurityPkg/RELEASE_GCC5/X64/MdePkg/Library/UefiDevicePathLib/UefiDevicePathLib/OUTPUT/UefiDevicePathLib.lib
/home/xephyr/Documents/edk2/Build/SecurityPkg/RELEASE_GCC5/X64/MdePkg/Library/UefiRuntimeServicesTableLib/UefiRuntimeServicesTableLib/OUTPUT/UefiRuntimeServicesTableLib.lib
/home/xephyr/Documents/edk2/Build/SecurityPkg/RELEASE_GCC5/X64/MdePkg/Library/UefiLib/UefiLib/OUTPUT/UefiLib.lib
/home/xephyr/Documents/edk2/Build/SecurityPkg/RELEASE_GCC5/X64/MdeModulePkg/Library/UefiHiiServicesLib/UefiHiiServicesLib/OUTPUT/UefiHiiServicesLib.lib
/home/xephyr/Documents/edk2/Build/SecurityPkg/RELEASE_GCC5/X64/SecurityPkg/Library/Tpm2DeviceLibTcg2/Tpm2DeviceLibTcg2/OUTPUT/Tpm2DeviceLibTcg2.lib
/home/xephyr/Documents/edk2/Build/SecurityPkg/RELEASE_GCC5/X64/MdePkg/Library/DxeHobLib/DxeHobLib/OUTPUT/DxeHobLib.lib
/home/xephyr/Documents/edk2/Build/SecurityPkg/RELEASE_GCC5/X64/SecurityPkg/Library/Tcg2PpVendorLibNull/Tcg2PpVendorLibNull/OUTPUT/Tcg2PpVendorLibNull.lib
/home/xephyr/Documents/edk2/Build/SecurityPkg/RELEASE_GCC5/X64/MdeModulePkg/Library/UefiHiiLib/UefiHiiLib/OUTPUT/UefiHiiLib.lib
/home/xephyr/Documents/edk2/Build/SecurityPkg/RELEASE_GCC5/X64/SecurityPkg/Library/Tpm2CommandLib/Tpm2CommandLib/OUTPUT/Tpm2CommandLib.lib
/home/xephyr/Documents/edk2/Build/SecurityPkg/RELEASE_GCC5/X64/MdePkg/Library/UefiDriverEntryPoint/UefiDriverEntryPoint/OUTPUT/UefiDriverEntryPoint.lib
/home/xephyr/Documents/edk2/Build/SecurityPkg/RELEASE_GCC5/X64/MdePkg/Library/DxeServicesLib/DxeServicesLib/OUTPUT/DxeServicesLib.lib
/home/xephyr/Documents/edk2/Build/SecurityPkg/RELEASE_GCC5/X64/SecurityPkg/Library/DxeTpmMeasurementLib/DxeTpmMeasurementLib/OUTPUT/DxeTpmMeasurementLib.lib
/home/xephyr/Documents/edk2/Build/SecurityPkg/RELEASE_GCC5/X64/SecurityPkg/Library/DxeTcg2PhysicalPresenceLib/DxeTcg2PhysicalPresenceLib/OUTPUT/DxeTcg2PhysicalPresenceLib.lib
/home/xephyr/Documents/edk2/Build/SecurityPkg/RELEASE_GCC5/X64/MdePkg/Library/MmUnblockMemoryLib/MmUnblockMemoryLibNull/OUTPUT/MmUnblockMemoryLibNull.lib