/home/xephyr/Documents/edk2/Build/UefiCpu/DEBUG_GCC5/X64/UefiCpuPkg/PiSmmCpuDxeSmm/D1D74FE9-7A4E-41D3-A0B3-67F13AD34D94/OUTPUT/PiSmmCpuDxeSmm.lib
/home/xephyr/Documents/edk2/Build/UefiCpu/DEBUG_GCC5/X64/MdePkg/Library/RegisterFilterLibNull/RegisterFilterLibNull/OUTPUT/FilterLibNull.lib
/home/xephyr/Documents/edk2/Build/UefiCpu/DEBUG_GCC5/X64/MdePkg/Library/BaseMemoryLib/BaseMemoryLib/OUTPUT/BaseMemoryLib.lib
/home/xephyr/Documents/edk2/Build/UefiCpu/DEBUG_GCC5/X64/MdePkg/Library/BaseLib/BaseLib/OUTPUT/BaseLib.lib
/home/xephyr/Documents/edk2/Build/UefiCpu/DEBUG_GCC5/X64/MdePkg/Library/BaseDebugLibNull/BaseDebugLibNull/OUTPUT/BaseDebugLibNull.lib
/home/xephyr/Documents/edk2/Build/UefiCpu/DEBUG_GCC5/X64/MdePkg/Library/BasePcdLibNull/BasePcdLibNull/OUTPUT/BasePcdLibNull.lib
/home/xephyr/Documents/edk2/Build/UefiCpu/DEBUG_GCC5/X64/MdePkg/Library/UefiBootServicesTableLib/UefiBootServicesTableLib/OUTPUT/UefiBootServicesTableLib.lib
/home/xephyr/Documents/edk2/Build/UefiCpu/DEBUG_GCC5/X64/MdePkg/Library/SmmServicesTableLib/SmmServicesTableLib/OUTPUT/SmmServicesTableLib.lib
/home/xephyr/Documents/edk2/Build/UefiCpu/DEBUG_GCC5/X64/MdePkg/Library/BasePrintLib/BasePrintLib/OUTPUT/BasePrintLib.lib
/home/xephyr/Documents/edk2/Build/UefiCpu/DEBUG_GCC5/X64/MdePkg/Library/SmmMemoryAllocationLib/SmmMemoryAllocationLib/OUTPUT/SmmMemoryAllocationLib.lib
/home/xephyr/Documents/edk2/Build/UefiCpu/DEBUG_GCC5/X64/MdePkg/Library/UefiDevicePathLib/UefiDevicePathLib/OUTPUT/UefiDevicePathLib.lib
/home/xephyr/Documents/edk2/Build/UefiCpu/DEBUG_GCC5/X64/MdePkg/Library/UefiRuntimeServicesTableLib/UefiRuntimeServicesTableLib/OUTPUT/UefiRuntimeServicesTableLib.lib
/home/xephyr/Documents/edk2/Build/UefiCpu/DEBUG_GCC5/X64/MdePkg/Library/BaseIoLibIntrinsic/BaseIoLibIntrinsic/OUTPUT/BaseIoLibIntrinsic.lib
/home/xephyr/Documents/edk2/Build/UefiCpu/DEBUG_GCC5/X64/UefiCpuPkg/Library/BaseUefiCpuLib/BaseUefiCpuLib/OUTPUT/BaseUefiCpuLib.lib
/home/xephyr/Documents/edk2/Build/UefiCpu/DEBUG_GCC5/X64/MdePkg/Library/BaseTimerLibNullTemplate/BaseTimerLibNullTemplate/OUTPUT/BaseTimerLibNullTemplate.lib
/home/xephyr/Documents/edk2/Build/UefiCpu/DEBUG_GCC5/X64/MdePkg/Library/UefiLib/UefiLib/OUTPUT/UefiLib.lib
/home/xephyr/Documents/edk2/Build/UefiCpu/DEBUG_GCC5/X64/MdePkg/Library/BaseCpuLib/BaseCpuLib/OUTPUT/BaseCpuLib.lib
/home/xephyr/Documents/edk2/Build/UefiCpu/DEBUG_GCC5/X64/MdePkg/Library/BasePciExpressLib/BasePciExpressLib/OUTPUT/BasePciExpressLib.lib
/home/xephyr/Documents/edk2/Build/UefiCpu/DEBUG_GCC5/X64/UefiCpuPkg/Library/VmgExitLibNull/VmgExitLibNull/OUTPUT/VmgExitLibNull.lib
/home/xephyr/Documents/edk2/Build/UefiCpu/DEBUG_GCC5/X64/MdePkg/Library/BaseSerialPortLibNull/BaseSerialPortLibNull/OUTPUT/BaseSerialPortLibNull.lib
/home/xephyr/Documents/edk2/Build/UefiCpu/DEBUG_GCC5/X64/MdePkg/Library/BasePeCoffGetEntryPointLib/BasePeCoffGetEntryPointLib/OUTPUT/BasePeCoffGetEntryPointLib.lib
/home/xephyr/Documents/edk2/Build/UefiCpu/DEBUG_GCC5/X64/UefiCpuPkg/Library/BaseXApicX2ApicLib/BaseXApicX2ApicLib/OUTPUT/BaseXApicX2ApicLib.lib
/home/xephyr/Documents/edk2/Build/UefiCpu/DEBUG_GCC5/X64/MdePkg/Library/BaseSynchronizationLib/BaseSynchronizationLib/OUTPUT/BaseSynchronizationLib.lib
/home/xephyr/Documents/edk2/Build/UefiCpu/DEBUG_GCC5/X64/MdeModulePkg/Library/TpmMeasurementLibNull/TpmMeasurementLibNull/OUTPUT/TpmMeasurementLibNull.lib
/home/xephyr/Documents/edk2/Build/UefiCpu/DEBUG_GCC5/X64/MdePkg/Library/DxeHobLib/DxeHobLib/OUTPUT/DxeHobLib.lib
/home/xephyr/Documents/edk2/Build/UefiCpu/DEBUG_GCC5/X64/MdePkg/Library/UefiDriverEntryPoint/UefiDriverEntryPoint/OUTPUT/UefiDriverEntryPoint.lib
/home/xephyr/Documents/edk2/Build/UefiCpu/DEBUG_GCC5/X64/UefiCpuPkg/Library/MtrrLib/MtrrLib/OUTPUT/MtrrLib.lib
/home/xephyr/Documents/edk2/Build/UefiCpu/DEBUG_GCC5/X64/MdeModulePkg/Library/DebugAgentLibNull/DebugAgentLibNull/OUTPUT/DebugAgentLibNull.lib
/home/xephyr/Documents/edk2/Build/UefiCpu/DEBUG_GCC5/X64/MdePkg/Library/BasePciLibPciExpress/BasePciLibPciExpress/OUTPUT/BasePciLibPciExpress.lib
/home/xephyr/Documents/edk2/Build/UefiCpu/DEBUG_GCC5/X64/UefiCpuPkg/Library/SmmCpuPlatformHookLibNull/SmmCpuPlatformHookLibNull/OUTPUT/SmmCpuPlatformHookLibNull.lib
/home/xephyr/Documents/edk2/Build/UefiCpu/DEBUG_GCC5/X64/UefiCpuPkg/Library/CpuExceptionHandlerLib/SmmCpuExceptionHandlerLib/OUTPUT/SmmCpuExceptionHandlerLib.lib
/home/xephyr/Documents/edk2/Build/UefiCpu/DEBUG_GCC5/X64/MdePkg/Library/DxeServicesTableLib/DxeServicesTableLib/OUTPUT/DxeServicesTableLib.lib
/home/xephyr/Documents/edk2/Build/UefiCpu/DEBUG_GCC5/X64/MdePkg/Library/BaseReportStatusCodeLibNull/BaseReportStatusCodeLibNull/OUTPUT/BaseReportStatusCodeLibNull.lib
/home/xephyr/Documents/edk2/Build/UefiCpu/DEBUG_GCC5/X64/UefiCpuPkg/Library/SmmCpuFeaturesLib/SmmCpuFeaturesLibStm/OUTPUT/SmmCpuFeaturesLibStm.lib